<?xml version="1.0" encoding="UTF-8"?>
<!-- Generated by org.testng.reporters.JUnitReportReporter -->
<testsuite hostname="MIIPL_ON_Rajendra_Mane" failures="0" tests="1" name="SOR_testcases.SOR_RuleCreationTest" time="1543.170" errors="0" timestamp="2024-11-29T12:40:48 IST" skipped="0">
  <testcase classname="SOR_testcases.SOR_RuleCreationTest" name="createRuleCombinations" time="1543.170"/>
  <system-out/>
</testsuite> <!-- SOR_testcases.SOR_RuleCreationTest -->
