<?xml version="1.0" encoding="UTF-8"?>
<!-- Generated by org.testng.reporters.JUnitReportReporter -->
<testsuite hostname="MIIPL_ON_Rajendra_Mane" failures="0" tests="2" name="SOR_testcases.SOR_Rule_ConfigurationTestCase" time="1431.740" errors="0" timestamp="2024-10-18T13:09:33 IST" skipped="0">
  <testcase classname="SOR_testcases.SOR_Rule_ConfigurationTestCase" name="AddGroup" time="11.295"/>
  <system-out/>
  <testcase classname="SOR_testcases.SOR_Rule_ConfigurationTestCase" name="AddRule" time="1420.445"/>
  <system-out/>
</testsuite> <!-- SOR_testcases.SOR_Rule_ConfigurationTestCase -->
