<?xml version="1.0" encoding="UTF-8"?>
<!-- Generated by org.testng.reporters.JUnitReportReporter -->
<testsuite hostname="MIIPL_ON_Rajendra_Mane" failures="0" tests="1" name="SOR_testcases_Playwright.SOR_Switch_Configuration_TestCase_PR" time="20.642" errors="0" timestamp="2024-10-15T12:12:01 IST" skipped="0">
  <testcase classname="SOR_testcases_Playwright.SOR_Switch_Configuration_TestCase_PR" name="AddSwitch" time="20.642"/>
  <system-out/>
</testsuite> <!-- SOR_testcases_Playwright.SOR_Switch_Configuration_TestCase_PR -->
