<?xml version="1.0" encoding="UTF-8"?>
<!-- Generated by org.testng.reporters.JUnitReportReporter -->
<testsuite hostname="MIIPL_ON_Rajendra_Mane" failures="0" tests="5" name="SOR_testcases.SOR_Aggregator_Management_Testcase" time="87.567" errors="0" timestamp="2024-11-04T12:28:45 IST" skipped="0">
  <testcase classname="SOR_testcases.SOR_Aggregator_Management_Testcase" name="initalization" time="2.048"/>
  <system-out/>
  <testcase classname="SOR_testcases.SOR_Aggregator_Management_Testcase" name="Add_Agg" time="31.320"/>
  <system-out/>
  <testcase classname="SOR_testcases.SOR_Aggregator_Management_Testcase" name="Agg_Verification" time="16.451"/>
  <system-out/>
  <testcase classname="SOR_testcases.SOR_Aggregator_Management_Testcase" name="On_Board_Agg_Status" time="37.235"/>
  <system-out/>
  <testcase classname="SOR_testcases.SOR_Aggregator_Management_Testcase" name="tearDown" time="0.513"/>
  <system-out/>
</testsuite> <!-- SOR_testcases.SOR_Aggregator_Management_Testcase -->
