<?xml version="1.0" encoding="UTF-8"?>
<!-- Generated by org.testng.reporters.JUnitReportReporter -->
<testsuite hostname="MIIPL_ON_Rajendra_Mane" failures="0" tests="3" name="SOR_testcases.SOR_Aggregator_Management_Testcase" time="59.831" errors="0" timestamp="2024-10-23T18:05:11 IST" skipped="0">
  <testcase classname="SOR_testcases.SOR_Aggregator_Management_Testcase" name="Add_Agg" time="26.929"/>
  <system-out/>
  <testcase classname="SOR_testcases.SOR_Aggregator_Management_Testcase" name="Agg_Verification" time="15.591"/>
  <system-out/>
  <testcase classname="SOR_testcases.SOR_Aggregator_Management_Testcase" name="On_Board_Agg_Status" time="17.311"/>
  <system-out/>
</testsuite> <!-- SOR_testcases.SOR_Aggregator_Management_Testcase -->
