<?xml version="1.0" encoding="UTF-8"?>
<!-- Generated by org.testng.reporters.JUnitReportReporter -->
<testsuite hostname="MIIPL_ON_Rajendra_Mane" failures="0" tests="4" name="SOR_testcases.SOR_Admin_Management_Testcase" time="105.656" errors="0" timestamp="2025-02-11T10:51:58 IST" skipped="0">
  <testcase classname="SOR_testcases.SOR_Admin_Management_Testcase" name="Create_Role" time="33.486"/>
  <system-out/>
  <testcase classname="SOR_testcases.SOR_Admin_Management_Testcase" name="Assign_Permission" time="25.421"/>
  <system-out/>
  <testcase classname="SOR_testcases.SOR_Admin_Management_Testcase" name="Add_User" time="24.207"/>
  <system-out/>
  <testcase classname="SOR_testcases.SOR_Admin_Management_Testcase" name="Verify_Permission" time="22.542"/>
  <system-out/>
</testsuite> <!-- SOR_testcases.SOR_Admin_Management_Testcase -->
