<?xml version="1.0" encoding="UTF-8"?>
<!-- Generated by org.testng.reporters.JUnitReportReporter -->
<testsuite hostname="MIIPL_ON_Rajendra_Mane" failures="0" tests="1" name="SOR_testcases.SOR_Rule_ConfigurationTestCase" time="62.273" errors="0" timestamp="2024-10-07T13:07:21 IST" skipped="0">
  <testcase classname="SOR_testcases.SOR_Rule_ConfigurationTestCase" name="AddGroup" time="62.273"/>
  <system-out/>
</testsuite> <!-- SOR_testcases.SOR_Rule_ConfigurationTestCase -->
