<?xml version="1.0" encoding="UTF-8"?>
<!-- Generated by org.testng.reporters.JUnitReportReporter -->
<testsuite hostname="MIIPL_ON_Rajendra_Mane" failures="0" tests="1" name="SOR_testcases.SOR_Negative_Testcase" time="143.591" errors="0" timestamp="2024-12-09T15:59:20 IST" skipped="0">
  <testcase classname="SOR_testcases.SOR_Negative_Testcase" name="Negative_Test_Case_Rule_Mgmt_Page" time="143.591"/>
  <system-out/>
</testsuite> <!-- SOR_testcases.SOR_Negative_Testcase -->
