<?xml version="1.0" encoding="UTF-8"?>
<!-- Generated by org.testng.reporters.JUnitReportReporter -->
<testsuite hostname="MIIPL_ON_Rajendra_Mane" failures="0" tests="4" name="SOR_testcases.SOR_Rule_ConfigurationTestCase" time="20.469" errors="0" timestamp="2024-11-04T12:28:45 IST" skipped="0">
  <testcase classname="SOR_testcases.SOR_Rule_ConfigurationTestCase" name="initalization" time="1.948"/>
  <system-out/>
  <testcase classname="SOR_testcases.SOR_Rule_ConfigurationTestCase" name="AddGroup" time="6.790"/>
  <system-out/>
  <testcase classname="SOR_testcases.SOR_Rule_ConfigurationTestCase" name="AddRule" time="11.313"/>
  <system-out/>
  <testcase classname="SOR_testcases.SOR_Rule_ConfigurationTestCase" name="tearDown" time="0.418"/>
  <system-out/>
</testsuite> <!-- SOR_testcases.SOR_Rule_ConfigurationTestCase -->
