<?xml version="1.0" encoding="UTF-8"?>
<!-- Generated by org.testng.reporters.JUnitReportReporter -->
<testsuite hostname="MIIPL_ON_Rajendra_Mane" failures="0" tests="3" name="SOR_testcases.SOR_Agent_Management_Testcase" time="79.624" errors="0" timestamp="2024-11-15T16:01:31 IST" skipped="0">
  <testcase classname="SOR_testcases.SOR_Agent_Management_Testcase" name="Add_Agent" time="52.676"/>
  <system-out/>
  <testcase classname="SOR_testcases.SOR_Agent_Management_Testcase" name="Agent_Verification" time="17.795"/>
  <system-out/>
  <testcase classname="SOR_testcases.SOR_Agent_Management_Testcase" name="On_Board_Agent_Status" time="9.153"/>
  <system-out/>
</testsuite> <!-- SOR_testcases.SOR_Agent_Management_Testcase -->
