<?xml version="1.0" encoding="UTF-8"?>
<!-- Generated by org.testng.reporters.JUnitReportReporter -->
<testsuite hostname="MIIPL_ON_Rajendra_Mane" failures="0" tests="2" name="SOR_testcases.SOR_Rule_ConfigurationTestCase" time="52.209" errors="0" timestamp="2024-11-15T16:01:31 IST" skipped="0">
  <testcase classname="SOR_testcases.SOR_Rule_ConfigurationTestCase" name="AddGroup" time="21.058"/>
  <system-out/>
  <testcase classname="SOR_testcases.SOR_Rule_ConfigurationTestCase" name="AddRule" time="31.151"/>
  <system-out/>
</testsuite> <!-- SOR_testcases.SOR_Rule_ConfigurationTestCase -->
