<?xml version="1.0" encoding="UTF-8"?>
<!-- Generated by org.testng.reporters.JUnitReportReporter -->
<testsuite hostname="MIIPL_ON_Rajendra_Mane" failures="0" tests="3" name="SOR_testcases.SOR_Aggregator_Management_Testcase" time="62.777" errors="0" timestamp="2024-11-07T12:18:05 IST" skipped="0">
  <testcase classname="SOR_testcases.SOR_Aggregator_Management_Testcase" name="Add_Agg" time="36.804"/>
  <system-out/>
  <testcase classname="SOR_testcases.SOR_Aggregator_Management_Testcase" name="Agg_Verification" time="16.169"/>
  <system-out/>
  <testcase classname="SOR_testcases.SOR_Aggregator_Management_Testcase" name="On_Board_Agg_Status" time="9.804"/>
  <system-out/>
</testsuite> <!-- SOR_testcases.SOR_Aggregator_Management_Testcase -->
