<?xml version="1.0" encoding="UTF-8"?>
<!-- Generated by org.testng.reporters.JUnitReportReporter -->
<testsuite hostname="MIIPL_ON_Rajendra_Mane" failures="0" tests="3" name="SOR_testcases.SOR_BC_Management_TestCase" time="98.902" errors="0" timestamp="2025-01-28T12:47:45 IST" skipped="0">
  <testcase classname="SOR_testcases.SOR_BC_Management_TestCase" name="Add_BC" time="68.511"/>
  <system-out/>
  <testcase classname="SOR_testcases.SOR_BC_Management_TestCase" name="BC_Verification" time="16.536"/>
  <system-out/>
  <testcase classname="SOR_testcases.SOR_BC_Management_TestCase" name="On_Board_BC_Status" time="13.855"/>
  <system-out/>
</testsuite> <!-- SOR_testcases.SOR_BC_Management_TestCase -->
