<?xml version="1.0" encoding="UTF-8"?>
<!-- Generated by org.testng.reporters.JUnitReportReporter -->
<testsuite hostname="MIIPL_ON_Rajendra_Mane" failures="0" tests="7" name="SOR_testcases.SOR_LoginTestCase" time="19.527" errors="0" timestamp="2024-11-04T12:28:45 IST" skipped="0">
  <testcase classname="SOR_testcases.SOR_LoginTestCase" name="Initalization" time="3.844"/>
  <system-out/>
  <testcase classname="SOR_testcases.SOR_LoginTestCase" name="Check_InValid_User_Name" time="3.473"/>
  <system-out/>
  <testcase classname="SOR_testcases.SOR_LoginTestCase" name="Check_Blank_Username" time="2.725"/>
  <system-out/>
  <testcase classname="SOR_testcases.SOR_LoginTestCase" name="Check_Blank_Password" time="2.540"/>
  <system-out/>
  <testcase classname="SOR_testcases.SOR_LoginTestCase" name="Check_InValid_Password" time="2.692"/>
  <system-out/>
  <testcase classname="SOR_testcases.SOR_LoginTestCase" name="Check_Valid_Credentials" time="3.682"/>
  <system-out/>
  <testcase classname="SOR_testcases.SOR_LoginTestCase" name="tearDown" time="0.571"/>
  <system-out/>
</testsuite> <!-- SOR_testcases.SOR_LoginTestCase -->
