<?xml version="1.0" encoding="UTF-8"?>
<!-- Generated by org.testng.reporters.JUnitReportReporter -->
<testsuite hostname="MIIPL_ON_Rajendra_Mane" failures="0" tests="5" name="SOR_testcases.SOR_BC_Management_TestCase" time="105.545" errors="0" timestamp="2024-11-04T12:28:45 IST" skipped="0">
  <testcase classname="SOR_testcases.SOR_BC_Management_TestCase" name="initalization" time="2.044"/>
  <system-out/>
  <testcase classname="SOR_testcases.SOR_BC_Management_TestCase" name="Add_BC" time="34.303"/>
  <system-out/>
  <testcase classname="SOR_testcases.SOR_BC_Management_TestCase" name="BC_Verification" time="16.055"/>
  <system-out/>
  <testcase classname="SOR_testcases.SOR_BC_Management_TestCase" name="On_Board_BC_Status" time="52.747"/>
  <system-out/>
  <testcase classname="SOR_testcases.SOR_BC_Management_TestCase" name="tearDown" time="0.396"/>
  <system-out/>
</testsuite> <!-- SOR_testcases.SOR_BC_Management_TestCase -->
