<?xml version="1.0" encoding="UTF-8"?>
<!-- Generated by org.testng.reporters.JUnitReportReporter -->
<testsuite hostname="MIIPL_ON_Rajendra_Mane" failures="0" tests="3" name="SOR_testcases.SOR_BC_Management_TestCase" time="75.071" errors="0" timestamp="2024-11-07T12:18:05 IST" skipped="0">
  <testcase classname="SOR_testcases.SOR_BC_Management_TestCase" name="Add_BC" time="40.321"/>
  <system-out/>
  <testcase classname="SOR_testcases.SOR_BC_Management_TestCase" name="BC_Verification" time="20.919"/>
  <system-out/>
  <testcase classname="SOR_testcases.SOR_BC_Management_TestCase" name="On_Board_BC_Status" time="13.831"/>
  <system-out/>
</testsuite> <!-- SOR_testcases.SOR_BC_Management_TestCase -->
