<?xml version="1.0" encoding="UTF-8"?>
<!-- Generated by org.testng.reporters.JUnitReportReporter -->
<testsuite hostname="MIIPL_ON_Rajendra_Mane" failures="0" tests="1" name="SOR_testcases.SOR_Switch_ConfigurationTestCase" time="601.880" errors="0" timestamp="2024-12-10T18:59:36 IST" skipped="0">
  <testcase classname="SOR_testcases.SOR_Switch_ConfigurationTestCase" name="AddSwitch" time="601.880"/>
  <system-out/>
</testsuite> <!-- SOR_testcases.SOR_Switch_ConfigurationTestCase -->
