<?xml version="1.0" encoding="UTF-8"?>
<!-- Generated by org.testng.reporters.JUnitReportReporter -->
<testsuite hostname="MIIPL_ON_Rajendra_Mane" failures="0" tests="3" name="SOR_testcases.SOR_Agent_Management_Testcase" time="113.273" errors="0" timestamp="2024-12-07T11:33:00 IST" skipped="0">
  <testcase classname="SOR_testcases.SOR_Agent_Management_Testcase" name="Add_Agent" time="86.167"/>
  <system-out/>
  <testcase classname="SOR_testcases.SOR_Agent_Management_Testcase" name="Agent_Verification" time="17.945"/>
  <system-out/>
  <testcase classname="SOR_testcases.SOR_Agent_Management_Testcase" name="On_Board_Agent_Status" time="9.161"/>
  <system-out/>
</testsuite> <!-- SOR_testcases.SOR_Agent_Management_Testcase -->
