<?xml version="1.0" encoding="UTF-8"?>
<!-- Generated by org.testng.reporters.JUnitReportReporter -->
<testsuite hostname="MIIPL_ON_Rajendra_Mane" failures="0" tests="5" name="SOR_testcases.SOR_LoginTestCase" time="24.331" errors="0" timestamp="2025-01-18T14:15:28 IST" skipped="0">
  <testcase classname="SOR_testcases.SOR_LoginTestCase" name="Check_InValid_User_Name" time="3.335"/>
  <system-out/>
  <testcase classname="SOR_testcases.SOR_LoginTestCase" name="Check_Blank_Username" time="2.609"/>
  <system-out/>
  <testcase classname="SOR_testcases.SOR_LoginTestCase" name="Check_Blank_Password" time="2.595"/>
  <system-out/>
  <testcase classname="SOR_testcases.SOR_LoginTestCase" name="Check_InValid_Password" time="2.819"/>
  <system-out/>
  <testcase classname="SOR_testcases.SOR_LoginTestCase" name="Check_Valid_Credentials" time="12.973"/>
  <system-out/>
</testsuite> <!-- SOR_testcases.SOR_LoginTestCase -->
