<?xml version="1.0" encoding="UTF-8"?>
<!-- Generated by org.testng.reporters.JUnitReportReporter -->
<testsuite hostname="MIIPL_ON_Rajendra_Mane" failures="0" tests="1" name="SOR_testcases.SOR_Admin_Management_Testcase" time="22.678" errors="0" timestamp="2024-11-14T11:38:44 IST" skipped="0">
  <testcase classname="SOR_testcases.SOR_Admin_Management_Testcase" name="Create_Role" time="22.678"/>
  <system-out/>
</testsuite> <!-- SOR_testcases.SOR_Admin_Management_Testcase -->
