<?xml version="1.0" encoding="UTF-8"?>
<!-- Generated by org.testng.reporters.JUnitReportReporter -->
<testsuite hostname="MIIPL_ON_Rajendra_Mane" failures="0" tests="3" name="SOR_testcases.SOR_Agent_Management_Testcase" time="88.867" errors="0" timestamp="2024-11-07T12:18:05 IST" skipped="0">
  <testcase classname="SOR_testcases.SOR_Agent_Management_Testcase" name="Add_Agent" time="48.603"/>
  <system-out/>
  <testcase classname="SOR_testcases.SOR_Agent_Management_Testcase" name="Agent_Verification" time="26.119"/>
  <system-out/>
  <testcase classname="SOR_testcases.SOR_Agent_Management_Testcase" name="On_Board_Agent_Status" time="14.145"/>
  <system-out/>
</testsuite> <!-- SOR_testcases.SOR_Agent_Management_Testcase -->
