<?xml version="1.0" encoding="UTF-8"?>
<!-- Generated by org.testng.reporters.JUnitReportReporter -->
<testsuite hostname="MIIPL_ON_Rajendra_Mane" failures="0" tests="9" name="SOR_testcases_Playwright.SOR_LoginTestCase_PR" time="56.691" errors="0" timestamp="2024-10-05T13:10:14 IST" skipped="0">
  <testcase classname="SOR_testcases_Playwright.SOR_LoginTestCase_PR" name="Check_Valid_Credentials" time="15.073"/>
  <system-out/>
  <testcase classname="SOR_testcases_Playwright.SOR_LoginTestCase_PR" name="Check_Valid_Credentials" time="9.320"/>
  <system-out/>
  <testcase classname="SOR_testcases_Playwright.SOR_LoginTestCase_PR" name="Check_Valid_Credentials" time="7.390"/>
  <system-out/>
  <testcase classname="SOR_testcases_Playwright.SOR_LoginTestCase_PR" name="check_Blank_Username" time="3.903"/>
  <system-out/>
  <testcase classname="SOR_testcases_Playwright.SOR_LoginTestCase_PR" name="check_Blank_Username" time="3.161"/>
  <system-out/>
  <testcase classname="SOR_testcases_Playwright.SOR_LoginTestCase_PR" name="check_Blank_Username" time="5.090"/>
  <system-out/>
  <testcase classname="SOR_testcases_Playwright.SOR_LoginTestCase_PR" name="check_Blank_Password" time="3.185"/>
  <system-out/>
  <testcase classname="SOR_testcases_Playwright.SOR_LoginTestCase_PR" name="check_Blank_Password" time="5.305"/>
  <system-out/>
  <testcase classname="SOR_testcases_Playwright.SOR_LoginTestCase_PR" name="check_Blank_Password" time="4.264"/>
  <system-out/>
</testsuite> <!-- SOR_testcases_Playwright.SOR_LoginTestCase_PR -->
