<?xml version="1.0" encoding="UTF-8"?>
<!-- Generated by org.testng.reporters.JUnitReportReporter -->
<testsuite hostname="MIIPL_ON_Rajendra_Mane" failures="0" tests="1" name="SOR_testcases.SOR_Delete_Details_TestCase" time="11.114" errors="0" timestamp="2024-11-05T11:51:27 IST" skipped="0">
  <testcase classname="SOR_testcases.SOR_Delete_Details_TestCase" name="Edit_Group" time="11.114"/>
  <system-out/>
</testsuite> <!-- SOR_testcases.SOR_Delete_Details_TestCase -->
