<?xml version="1.0" encoding="UTF-8"?>
<!-- Generated by org.testng.reporters.JUnitReportReporter -->
<testsuite hostname="MIIPL_ON_Rajendra_Mane" failures="0" tests="5" name="SOR_testcases.SOR_LoginTestCase" time="59.619" errors="0" timestamp="2024-12-09T18:56:08 IST" skipped="0">
  <testcase classname="SOR_testcases.SOR_LoginTestCase" name="Check_InValid_User_Name" time="3.151"/>
  <system-out/>
  <testcase classname="SOR_testcases.SOR_LoginTestCase" name="Check_Blank_Username" time="2.608"/>
  <system-out/>
  <testcase classname="SOR_testcases.SOR_LoginTestCase" name="Check_Blank_Password" time="2.603"/>
  <system-out/>
  <testcase classname="SOR_testcases.SOR_LoginTestCase" name="Check_InValid_Password" time="2.722"/>
  <system-out/>
  <testcase classname="SOR_testcases.SOR_LoginTestCase" name="Check_Valid_Credentials" time="48.535"/>
  <system-out/>
</testsuite> <!-- SOR_testcases.SOR_LoginTestCase -->
