<?xml version="1.0" encoding="UTF-8"?>
<!-- Generated by org.testng.reporters.JUnitReportReporter -->
<testsuite hostname="MIIPL_ON_Rajendra_Mane" failures="0" tests="1" name="SOR_testcases_Playwright.SOR_Rule_Configuration_TestCase_PR" time="26.631" errors="1" timestamp="2024-10-15T12:22:16 IST" skipped="0">
  <testcase classname="SOR_testcases_Playwright.SOR_Rule_Configuration_TestCase_PR" name="AddRule" time="26.631">
    <error message="Error {
  message=&#039;Timeout 10000ms exceeded.
  name=&#039;TimeoutError
  stack=&#039;TimeoutError: Timeout 10000ms exceeded.
    at ProgressController.run (C:\Users\RAJEND~1.MAN\AppData\Local\Temp\playwright-java-2930179382340556754\package\lib\server\progress.js:78:26)
    at Frame.click (C:\Users\RAJEND~1.MAN\AppData\Local\Temp\playwright-java-2930179382340556754\package\lib\server\frames.js:1013:23)
    at FrameDispatcher.click (C:\Users\RAJEND~1.MAN\AppData\Local\Temp\playwright-java-2930179382340556754\package\lib\server\dispatchers\frameDispatcher.js:157:30)
    at FrameDispatcher._handleCommand (C:\Users\RAJEND~1.MAN\AppData\Local\Temp\playwright-java-2930179382340556754\package\lib\server\dispatchers\dispatcher.js:94:40)
    at DispatcherConnection.dispatch (C:\Users\RAJEND~1.MAN\AppData\Local\Temp\playwright-java-2930179382340556754\package\lib\server\dispatchers\dispatcher.js:361:39)
}
Call log:
- waiting for locator(&quot;//div[@id=&#039;selectedSecondItems&#039;]&quot;)
-   locator resolved to &lt;div class=&quot;selected-items&quot; id=&quot;selectedSecondItems&quot; onclick=&quot;toggleDropdown(&#039;secondDropdownContent&#039;, &#039;secondSearchBox&#039;)&quot;&gt;…&lt;/div&gt;
- attempting click action
-   waiting for element to be visible, enabled and stable
-   element is visible, enabled and stable
-   scrolling into view if needed
-   done scrolling
-   &lt;input type=&quot;text&quot; id=&quot;searchBox&quot; class=&quot;search-box&quot; placeholder=&quot;Search...&quot; onkeyup=&quot;filterDropdown(&#039;dropdownContent&#039;, &#039;searchBox&#039;)&quot;/&gt; from &lt;div class=&quot;row mb-3&quot;&gt;…&lt;/div&gt; subtree intercepts pointer events
- retrying click action, attempt #1
-   waiting for element to be visible, enabled and stable
-   element is visible, enabled and stable
-   scrolling into view if needed
-   done scrolling
-   &lt;input type=&quot;text&quot; id=&quot;searchBox&quot; class=&quot;search-box&quot; placeholder=&quot;Search...&quot; onkeyup=&quot;filterDropdown(&#039;dropdownContent&#039;, &#039;searchBox&#039;)&quot;/&gt; from &lt;div class=&quot;row mb-3&quot;&gt;…&lt;/div&gt; subtree intercepts pointer events
- retrying click action, attempt #2
-   waiting 20ms
-   waiting for element to be visible, enabled and stable
-   element is visible, enabled and stable
-   scrolling into view if needed
-   done scrolling
-   &lt;input type=&quot;text&quot; id=&quot;searchBox&quot; class=&quot;search-box&quot; placeholder=&quot;Search...&quot; onkeyup=&quot;filterDropdown(&#039;dropdownContent&#039;, &#039;searchBox&#039;)&quot;/&gt; from &lt;div class=&quot;row mb-3&quot;&gt;…&lt;/div&gt; subtree intercepts pointer events
- retrying click action, attempt #3
-   waiting 100ms
-   waiting for element to be visible, enabled and stable
-   element is visible, enabled and stable
-   scrolling into view if needed
-   done scrolling
-   &lt;input type=&quot;text&quot; id=&quot;searchBox&quot; class=&quot;search-box&quot; placeholder=&quot;Search...&quot; onkeyup=&quot;filterDropdown(&#039;dropdownContent&#039;, &#039;searchBox&#039;)&quot;/&gt; from &lt;div class=&quot;row mb-3&quot;&gt;…&lt;/div&gt; subtree intercepts pointer events
- retrying click action, attempt #4
-   waiting 100ms
-   waiting for element to be visible, enabled and stable
-   element is visible, enabled and stable
-   scrolling into view if needed
-   done scrolling
-   &lt;input type=&quot;text&quot; id=&quot;searchBox&quot; class=&quot;search-box&quot; placeholder=&quot;Search...&quot; onkeyup=&quot;filterDropdown(&#039;dropdownContent&#039;, &#039;searchBox&#039;)&quot;/&gt; from &lt;div class=&quot;row mb-3&quot;&gt;…&lt;/div&gt; subtree intercepts pointer events
- retrying click action, attempt #5
-   waiting 500ms
-   waiting for element to be visible, enabled and stable
-   element is visible, enabled and stable
-   scrolling into view if needed
-   done scrolling
-   &lt;input type=&quot;text&quot; id=&quot;searchBox&quot; class=&quot;search-box&quot; placeholder=&quot;Search...&quot; onkeyup=&quot;filterDropdown(&#039;dropdownContent&#039;, &#039;searchBox&#039;)&quot;/&gt; from &lt;div class=&quot;row mb-3&quot;&gt;…&lt;/div&gt; subtree intercepts pointer events
- retrying click action, attempt #6
-   waiting 500ms
-   waiting for element to be visible, enabled and stable
-   element is visible, enabled and stable
-   scrolling into view if needed
-   done scrolling
-   &lt;input type=&quot;text&quot; id=&quot;searchBox&quot; class=&quot;search-box&quot; placeholder=&quot;Search...&quot; onkeyup=&quot;filterDropdown(&#039;dropdownContent&#039;, &#039;searchBox&#039;)&quot;/&gt; from &lt;div class=&quot;row mb-3&quot;&gt;…&lt;/div&gt; subtree intercepts pointer events
- retrying click action, attempt #7
-   waiting 500ms
-   waiting for element to be visible, enabled and stable
-   element is visible, enabled and stable
-   scrolling into view if needed
-   done scrolling
-   &lt;input type=&quot;text&quot; id=&quot;searchBox&quot; class=&quot;search-box&quot; placeholder=&quot;Search...&quot; onkeyup=&quot;filterDropdown(&#039;dropdownContent&#039;, &#039;searchBox&#039;)&quot;/&gt; from &lt;div class=&quot;row mb-3&quot;&gt;…&lt;/div&gt; subtree intercepts pointer events
- retrying click action, attempt #8
-   waiting 500ms
-   waiting for element to be visible, enabled and stable
-   element is visible, enabled and stable
-   scrolling into view if needed
-   done scrolling
-   &lt;input type=&quot;text&quot; id=&quot;searchBox&quot; class=&quot;search-box&quot; placeholder=&quot;Search...&quot; onkeyup=&quot;filterDropdown(&#039;dropdownContent&#039;, &#039;searchBox&#039;)&quot;/&gt; from &lt;div class=&quot;row mb-3&quot;&gt;…&lt;/div&gt; subtree intercepts pointer events
- retrying click action, attempt #9
-   waiting 500ms
-   waiting for element to be visible, enabled and stable
-   element is visible, enabled and stable
-   scrolling into view if needed
-   done scrolling
-   &lt;input type=&quot;text&quot; id=&quot;searchBox&quot; class=&quot;search-box&quot; placeholder=&quot;Search...&quot; onkeyup=&quot;filterDropdown(&#039;dropdownContent&#039;, &#039;searchBox&#039;)&quot;/&gt; from &lt;div class=&quot;row mb-3&quot;&gt;…&lt;/div&gt; subtree intercepts pointer events
- retrying click action, attempt #10
-   waiting 500ms
-   waiting for element to be visible, enabled and stable
-   element is visible, enabled and stable
-   scrolling into view if needed
-   done scrolling
-   &lt;input type=&quot;text&quot; id=&quot;searchBox&quot; class=&quot;search-box&quot; placeholder=&quot;Search...&quot; onkeyup=&quot;filterDropdown(&#039;dropdownContent&#039;, &#039;searchBox&#039;)&quot;/&gt; from &lt;div class=&quot;row mb-3&quot;&gt;…&lt;/div&gt; subtree intercepts pointer events
- retrying click action, attempt #11
-   waiting 500ms
-   waiting for element to be visible, enabled and stable
-   element is visible, enabled and stable
-   scrolling into view if needed
-   done scrolling
-   &lt;input type=&quot;text&quot; id=&quot;searchBox&quot; class=&quot;search-box&quot; placeholder=&quot;Search...&quot; onkeyup=&quot;filterDropdown(&#039;dropdownContent&#039;, &#039;searchBox&#039;)&quot;/&gt; from &lt;div class=&quot;row mb-3&quot;&gt;…&lt;/div&gt; subtree intercepts pointer events
- retrying click action, attempt #12
-   waiting 500ms
-   waiting for element to be visible, enabled and stable
-   element is visible, enabled and stable
-   scrolling into view if needed
-   done scrolling
-   &lt;input type=&quot;text&quot; id=&quot;searchBox&quot; class=&quot;search-box&quot; placeholder=&quot;Search...&quot; onkeyup=&quot;filterDropdown(&#039;dropdownContent&#039;, &#039;searchBox&#039;)&quot;/&gt; from &lt;div class=&quot;row mb-3&quot;&gt;…&lt;/div&gt; subtree intercepts pointer events
- retrying click action, attempt #13
-   waiting 500ms
-   waiting for element to be visible, enabled and stable
-   element is visible, enabled and stable
-   scrolling into view if needed
-   done scrolling
-   &lt;input type=&quot;text&quot; id=&quot;searchBox&quot; class=&quot;search-box&quot; placeholder=&quot;Search...&quot; onkeyup=&quot;filterDropdown(&#039;dropdownContent&#039;, &#039;searchBox&#039;)&quot;/&gt; from &lt;div class=&quot;row mb-3&quot;&gt;…&lt;/div&gt; subtree intercepts pointer events
- retrying click action, attempt #14
-   waiting 500ms
-   waiting for element to be visible, enabled and stable
-   element is visible, enabled and stable
-   scrolling into view if needed
-   done scrolling
-   &lt;input type=&quot;text&quot; id=&quot;searchBox&quot; class=&quot;search-box&quot; placeholder=&quot;Search...&quot; onkeyup=&quot;filterDropdown(&#039;dropdownContent&#039;, &#039;searchBox&#039;)&quot;/&gt; from &lt;div class=&quot;row mb-3&quot;&gt;…&lt;/div&gt; subtree intercepts pointer events
- retrying click action, attempt #15
-   waiting 500ms
-   waiting for element to be visible, enabled and stable
-   element is visible, enabled and stable
-   scrolling into view if needed
-   done scrolling
-   &lt;input type=&quot;text&quot; id=&quot;searchBox&quot; class=&quot;search-box&quot; placeholder=&quot;Search...&quot; onkeyup=&quot;filterDropdown(&#039;dropdownContent&#039;, &#039;searchBox&#039;)&quot;/&gt; from &lt;div class=&quot;row mb-3&quot;&gt;…&lt;/div&gt; subtree intercepts pointer events
- retrying click action, attempt #16
-   waiting 500ms
-   waiting for element to be visible, enabled and stable
-   element is visible, enabled and stable
-   scrolling into view if needed
-   done scrolling
-   &lt;input type=&quot;text&quot; id=&quot;searchBox&quot; class=&quot;search-box&quot; placeholder=&quot;Search...&quot; onkeyup=&quot;filterDropdown(&#039;dropdownContent&#039;, &#039;searchBox&#039;)&quot;/&gt; from &lt;div class=&quot;row mb-3&quot;&gt;…&lt;/div&gt; subtree intercepts pointer events
- retrying click action, attempt #17
-   waiting 500ms
-   waiting for element to be visible, enabled and stable
-   element is visible, enabled and stable
-   scrolling into view if needed
-   done scrolling
-   &lt;input type=&quot;text&quot; id=&quot;searchBox&quot; class=&quot;search-box&quot; placeholder=&quot;Search...&quot; onkeyup=&quot;filterDropdown(&#039;dropdownContent&#039;, &#039;searchBox&#039;)&quot;/&gt; from &lt;div class=&quot;row mb-3&quot;&gt;…&lt;/div&gt; subtree intercepts pointer events
- retrying click action, attempt #18
-   waiting 500ms
-   waiting for element to be visible, enabled and stable
-   element is visible, enabled and stable
-   scrolling into view if needed
-   done scrolling
-   &lt;input type=&quot;text&quot; id=&quot;searchBox&quot; class=&quot;search-box&quot; placeholder=&quot;Search...&quot; onkeyup=&quot;filterDropdown(&#039;dropdownContent&#039;, &#039;searchBox&#039;)&quot;/&gt; from &lt;div class=&quot;row mb-3&quot;&gt;…&lt;/div&gt; subtree intercepts pointer events
- retrying click action, attempt #19
-   waiting 500ms
-   waiting for element to be visible, enabled and stable
-   element is visible, enabled and stable
-   scrolling into view if needed
-   done scrolling
-   &lt;input type=&quot;text&quot; id=&quot;searchBox&quot; class=&quot;search-box&quot; placeholder=&quot;Search...&quot; onkeyup=&quot;filterDropdown(&#039;dropdownContent&#039;, &#039;searchBox&#039;)&quot;/&gt; from &lt;div class=&quot;row mb-3&quot;&gt;…&lt;/div&gt; subtree intercepts pointer events
- retrying click action, attempt #20
-   waiting 500ms
-   waiting for element to be visible, enabled and stable
-   element is visible, enabled and stable
-   scrolling into view if needed
-   done scrolling
-   &lt;input type=&quot;text&quot; id=&quot;searchBox&quot; class=&quot;search-box&quot; placeholder=&quot;Search...&quot; onkeyup=&quot;filterDropdown(&#039;dropdownContent&#039;, &#039;searchBox&#039;)&quot;/&gt; from &lt;div class=&quot;row mb-3&quot;&gt;…&lt;/div&gt; subtree intercepts pointer events
- retrying click action, attempt #21
-   waiting 500ms
-   waiting for element to be visible, enabled and stable
-   element is visible, enabled and stable
-   scrolling into view if needed
-   done scrolling
-   &lt;input type=&quot;text&quot; id=&quot;searchBox&quot; class=&quot;search-box&quot; placeholder=&quot;Search...&quot; onkeyup=&quot;filterDropdown(&#039;dropdownContent&#039;, &#039;searchBox&#039;)&quot;/&gt; from &lt;div class=&quot;row mb-3&quot;&gt;…&lt;/div&gt; subtree intercepts pointer events
- retrying click action, attempt #22
-   waiting 500ms
-   waiting for element to be visible, enabled and stable
-   element is visible, enabled and stable
-   scrolling into view if needed
-   done scrolling
-   &lt;input type=&quot;text&quot; id=&quot;searchBox&quot; class=&quot;search-box&quot; placeholder=&quot;Search...&quot; onkeyup=&quot;filterDropdown(&#039;dropdownContent&#039;, &#039;searchBox&#039;)&quot;/&gt; from &lt;div class=&quot;row mb-3&quot;&gt;…&lt;/div&gt; subtree intercepts pointer events
- retrying click action, attempt #23
-   waiting 500ms
" type="com.microsoft.playwright.TimeoutError">
      <![CDATA[com.microsoft.playwright.TimeoutError: Error {
  message='Timeout 10000ms exceeded.
  name='TimeoutError
  stack='TimeoutError: Timeout 10000ms exceeded.
    at ProgressController.run (C:\Users\RAJEND~1.MAN\AppData\Local\Temp\playwright-java-2930179382340556754\package\lib\server\progress.js:78:26)
    at Frame.click (C:\Users\RAJEND~1.MAN\AppData\Local\Temp\playwright-java-2930179382340556754\package\lib\server\frames.js:1013:23)
    at FrameDispatcher.click (C:\Users\RAJEND~1.MAN\AppData\Local\Temp\playwright-java-2930179382340556754\package\lib\server\dispatchers\frameDispatcher.js:157:30)
    at FrameDispatcher._handleCommand (C:\Users\RAJEND~1.MAN\AppData\Local\Temp\playwright-java-2930179382340556754\package\lib\server\dispatchers\dispatcher.js:94:40)
    at DispatcherConnection.dispatch (C:\Users\RAJEND~1.MAN\AppData\Local\Temp\playwright-java-2930179382340556754\package\lib\server\dispatchers\dispatcher.js:361:39)
}
Call log:
- waiting for locator("//div[@id='selectedSecondItems']")
-   locator resolved to <div class="selected-items" id="selectedSecondItems" onclick="toggleDropdown('secondDropdownContent', 'secondSearchBox')">…</div>
- attempting click action
-   waiting for element to be visible, enabled and stable
-   element is visible, enabled and stable
-   scrolling into view if needed
-   done scrolling
-   <input type="text" id="searchBox" class="search-box" placeholder="Search..." onkeyup="filterDropdown('dropdownContent', 'searchBox')"/> from <div class="row mb-3">…</div> subtree intercepts pointer events
- retrying click action, attempt #1
-   waiting for element to be visible, enabled and stable
-   element is visible, enabled and stable
-   scrolling into view if needed
-   done scrolling
-   <input type="text" id="searchBox" class="search-box" placeholder="Search..." onkeyup="filterDropdown('dropdownContent', 'searchBox')"/> from <div class="row mb-3">…</div> subtree intercepts pointer events
- retrying click action, attempt #2
-   waiting 20ms
-   waiting for element to be visible, enabled and stable
-   element is visible, enabled and stable
-   scrolling into view if needed
-   done scrolling
-   <input type="text" id="searchBox" class="search-box" placeholder="Search..." onkeyup="filterDropdown('dropdownContent', 'searchBox')"/> from <div class="row mb-3">…</div> subtree intercepts pointer events
- retrying click action, attempt #3
-   waiting 100ms
-   waiting for element to be visible, enabled and stable
-   element is visible, enabled and stable
-   scrolling into view if needed
-   done scrolling
-   <input type="text" id="searchBox" class="search-box" placeholder="Search..." onkeyup="filterDropdown('dropdownContent', 'searchBox')"/> from <div class="row mb-3">…</div> subtree intercepts pointer events
- retrying click action, attempt #4
-   waiting 100ms
-   waiting for element to be visible, enabled and stable
-   element is visible, enabled and stable
-   scrolling into view if needed
-   done scrolling
-   <input type="text" id="searchBox" class="search-box" placeholder="Search..." onkeyup="filterDropdown('dropdownContent', 'searchBox')"/> from <div class="row mb-3">…</div> subtree intercepts pointer events
- retrying click action, attempt #5
-   waiting 500ms
-   waiting for element to be visible, enabled and stable
-   element is visible, enabled and stable
-   scrolling into view if needed
-   done scrolling
-   <input type="text" id="searchBox" class="search-box" placeholder="Search..." onkeyup="filterDropdown('dropdownContent', 'searchBox')"/> from <div class="row mb-3">…</div> subtree intercepts pointer events
- retrying click action, attempt #6
-   waiting 500ms
-   waiting for element to be visible, enabled and stable
-   element is visible, enabled and stable
-   scrolling into view if needed
-   done scrolling
-   <input type="text" id="searchBox" class="search-box" placeholder="Search..." onkeyup="filterDropdown('dropdownContent', 'searchBox')"/> from <div class="row mb-3">…</div> subtree intercepts pointer events
- retrying click action, attempt #7
-   waiting 500ms
-   waiting for element to be visible, enabled and stable
-   element is visible, enabled and stable
-   scrolling into view if needed
-   done scrolling
-   <input type="text" id="searchBox" class="search-box" placeholder="Search..." onkeyup="filterDropdown('dropdownContent', 'searchBox')"/> from <div class="row mb-3">…</div> subtree intercepts pointer events
- retrying click action, attempt #8
-   waiting 500ms
-   waiting for element to be visible, enabled and stable
-   element is visible, enabled and stable
-   scrolling into view if needed
-   done scrolling
-   <input type="text" id="searchBox" class="search-box" placeholder="Search..." onkeyup="filterDropdown('dropdownContent', 'searchBox')"/> from <div class="row mb-3">…</div> subtree intercepts pointer events
- retrying click action, attempt #9
-   waiting 500ms
-   waiting for element to be visible, enabled and stable
-   element is visible, enabled and stable
-   scrolling into view if needed
-   done scrolling
-   <input type="text" id="searchBox" class="search-box" placeholder="Search..." onkeyup="filterDropdown('dropdownContent', 'searchBox')"/> from <div class="row mb-3">…</div> subtree intercepts pointer events
- retrying click action, attempt #10
-   waiting 500ms
-   waiting for element to be visible, enabled and stable
-   element is visible, enabled and stable
-   scrolling into view if needed
-   done scrolling
-   <input type="text" id="searchBox" class="search-box" placeholder="Search..." onkeyup="filterDropdown('dropdownContent', 'searchBox')"/> from <div class="row mb-3">…</div> subtree intercepts pointer events
- retrying click action, attempt #11
-   waiting 500ms
-   waiting for element to be visible, enabled and stable
-   element is visible, enabled and stable
-   scrolling into view if needed
-   done scrolling
-   <input type="text" id="searchBox" class="search-box" placeholder="Search..." onkeyup="filterDropdown('dropdownContent', 'searchBox')"/> from <div class="row mb-3">…</div> subtree intercepts pointer events
- retrying click action, attempt #12
-   waiting 500ms
-   waiting for element to be visible, enabled and stable
-   element is visible, enabled and stable
-   scrolling into view if needed
-   done scrolling
-   <input type="text" id="searchBox" class="search-box" placeholder="Search..." onkeyup="filterDropdown('dropdownContent', 'searchBox')"/> from <div class="row mb-3">…</div> subtree intercepts pointer events
- retrying click action, attempt #13
-   waiting 500ms
-   waiting for element to be visible, enabled and stable
-   element is visible, enabled and stable
-   scrolling into view if needed
-   done scrolling
-   <input type="text" id="searchBox" class="search-box" placeholder="Search..." onkeyup="filterDropdown('dropdownContent', 'searchBox')"/> from <div class="row mb-3">…</div> subtree intercepts pointer events
- retrying click action, attempt #14
-   waiting 500ms
-   waiting for element to be visible, enabled and stable
-   element is visible, enabled and stable
-   scrolling into view if needed
-   done scrolling
-   <input type="text" id="searchBox" class="search-box" placeholder="Search..." onkeyup="filterDropdown('dropdownContent', 'searchBox')"/> from <div class="row mb-3">…</div> subtree intercepts pointer events
- retrying click action, attempt #15
-   waiting 500ms
-   waiting for element to be visible, enabled and stable
-   element is visible, enabled and stable
-   scrolling into view if needed
-   done scrolling
-   <input type="text" id="searchBox" class="search-box" placeholder="Search..." onkeyup="filterDropdown('dropdownContent', 'searchBox')"/> from <div class="row mb-3">…</div> subtree intercepts pointer events
- retrying click action, attempt #16
-   waiting 500ms
-   waiting for element to be visible, enabled and stable
-   element is visible, enabled and stable
-   scrolling into view if needed
-   done scrolling
-   <input type="text" id="searchBox" class="search-box" placeholder="Search..." onkeyup="filterDropdown('dropdownContent', 'searchBox')"/> from <div class="row mb-3">…</div> subtree intercepts pointer events
- retrying click action, attempt #17
-   waiting 500ms
-   waiting for element to be visible, enabled and stable
-   element is visible, enabled and stable
-   scrolling into view if needed
-   done scrolling
-   <input type="text" id="searchBox" class="search-box" placeholder="Search..." onkeyup="filterDropdown('dropdownContent', 'searchBox')"/> from <div class="row mb-3">…</div> subtree intercepts pointer events
- retrying click action, attempt #18
-   waiting 500ms
-   waiting for element to be visible, enabled and stable
-   element is visible, enabled and stable
-   scrolling into view if needed
-   done scrolling
-   <input type="text" id="searchBox" class="search-box" placeholder="Search..." onkeyup="filterDropdown('dropdownContent', 'searchBox')"/> from <div class="row mb-3">…</div> subtree intercepts pointer events
- retrying click action, attempt #19
-   waiting 500ms
-   waiting for element to be visible, enabled and stable
-   element is visible, enabled and stable
-   scrolling into view if needed
-   done scrolling
-   <input type="text" id="searchBox" class="search-box" placeholder="Search..." onkeyup="filterDropdown('dropdownContent', 'searchBox')"/> from <div class="row mb-3">…</div> subtree intercepts pointer events
- retrying click action, attempt #20
-   waiting 500ms
-   waiting for element to be visible, enabled and stable
-   element is visible, enabled and stable
-   scrolling into view if needed
-   done scrolling
-   <input type="text" id="searchBox" class="search-box" placeholder="Search..." onkeyup="filterDropdown('dropdownContent', 'searchBox')"/> from <div class="row mb-3">…</div> subtree intercepts pointer events
- retrying click action, attempt #21
-   waiting 500ms
-   waiting for element to be visible, enabled and stable
-   element is visible, enabled and stable
-   scrolling into view if needed
-   done scrolling
-   <input type="text" id="searchBox" class="search-box" placeholder="Search..." onkeyup="filterDropdown('dropdownContent', 'searchBox')"/> from <div class="row mb-3">…</div> subtree intercepts pointer events
- retrying click action, attempt #22
-   waiting 500ms
-   waiting for element to be visible, enabled and stable
-   element is visible, enabled and stable
-   scrolling into view if needed
-   done scrolling
-   <input type="text" id="searchBox" class="search-box" placeholder="Search..." onkeyup="filterDropdown('dropdownContent', 'searchBox')"/> from <div class="row mb-3">…</div> subtree intercepts pointer events
- retrying click action, attempt #23
-   waiting 500ms

at com.microsoft.playwright.impl.WaitableResult.get(WaitableResult.java:52)
at com.microsoft.playwright.impl.ChannelOwner.runUntil(ChannelOwner.java:120)
at com.microsoft.playwright.impl.Connection.sendMessage(Connection.java:130)
at com.microsoft.playwright.impl.ChannelOwner.sendMessage(ChannelOwner.java:106)
at com.microsoft.playwright.impl.FrameImpl.clickImpl(FrameImpl.java:252)
at com.microsoft.playwright.impl.FrameImpl.lambda$click$8(FrameImpl.java:243)
at com.microsoft.playwright.impl.LoggingSupport.lambda$withLogging$0(LoggingSupport.java:36)
at com.microsoft.playwright.impl.LoggingSupport.withLogging(LoggingSupport.java:47)
at com.microsoft.playwright.impl.ChannelOwner.withLogging(ChannelOwner.java:89)
at com.microsoft.playwright.impl.LoggingSupport.withLogging(LoggingSupport.java:35)
at com.microsoft.playwright.impl.FrameImpl.click(FrameImpl.java:243)
at com.microsoft.playwright.impl.LocatorImpl.click(LocatorImpl.java:160)
at com.microsoft.playwright.Locator.click(Locator.java:2406)
at SOR_Pages_Playwright.SOR_Rule_Configuration_PR.addRule(SOR_Rule_Configuration_PR.java:74)
at SOR_testcases_Playwright.SOR_Rule_Configuration_TestCase_PR.AddRule(SOR_Rule_Configuration_TestCase_PR.java:46)
at java.base/jdk.internal.reflect.DirectMethodHandleAccessor.invoke(DirectMethodHandleAccessor.java:103)
at java.base/java.lang.reflect.Method.invoke(Method.java:580)
at org.testng.internal.MethodInvocationHelper.invokeMethod(MethodInvocationHelper.java:133)
at org.testng.internal.TestInvoker.invokeMethod(TestInvoker.java:598)
at org.testng.internal.TestInvoker.invokeTestMethod(TestInvoker.java:173)
at org.testng.internal.MethodRunner.runInSequence(MethodRunner.java:46)
at org.testng.internal.TestInvoker$MethodInvocationAgent.invoke(TestInvoker.java:824)
at org.testng.internal.TestInvoker.invokeTestMethods(TestInvoker.java:146)
at org.testng.internal.TestMethodWorker.invokeTestMethods(TestMethodWorker.java:146)
at org.testng.internal.TestMethodWorker.run(TestMethodWorker.java:128)
at java.base/java.util.ArrayList.forEach(ArrayList.java:1596)
at org.testng.TestRunner.privateRun(TestRunner.java:794)
at org.testng.TestRunner.run(TestRunner.java:596)
at org.testng.SuiteRunner.runTest(SuiteRunner.java:377)
at org.testng.SuiteRunner.runSequentially(SuiteRunner.java:371)
at org.testng.SuiteRunner.privateRun(SuiteRunner.java:332)
at org.testng.SuiteRunner.run(SuiteRunner.java:276)
at org.testng.SuiteRunnerWorker.runSuite(SuiteRunnerWorker.java:53)
at org.testng.SuiteRunnerWorker.run(SuiteRunnerWorker.java:96)
at org.testng.TestNG.runSuitesSequentially(TestNG.java:1212)
at org.testng.TestNG.runSuitesLocally(TestNG.java:1134)
at org.testng.TestNG.runSuites(TestNG.java:1063)
at org.testng.TestNG.run(TestNG.java:1031)
at org.testng.remote.AbstractRemoteTestNG.run(AbstractRemoteTestNG.java:115)
at org.testng.remote.RemoteTestNG.initAndRun(RemoteTestNG.java:293)
at org.testng.remote.RemoteTestNG.main(RemoteTestNG.java:91)
Caused by: com.microsoft.playwright.TimeoutError: Error {
  message='Timeout 10000ms exceeded.
  name='TimeoutError
  stack='TimeoutError: Timeout 10000ms exceeded.
    at ProgressController.run (C:\Users\RAJEND~1.MAN\AppData\Local\Temp\playwright-java-2930179382340556754\package\lib\server\progress.js:78:26)
    at Frame.click (C:\Users\RAJEND~1.MAN\AppData\Local\Temp\playwright-java-2930179382340556754\package\lib\server\frames.js:1013:23)
    at FrameDispatcher.click (C:\Users\RAJEND~1.MAN\AppData\Local\Temp\playwright-java-2930179382340556754\package\lib\server\dispatchers\frameDispatcher.js:157:30)
    at FrameDispatcher._handleCommand (C:\Users\RAJEND~1.MAN\AppData\Local\Temp\playwright-java-2930179382340556754\package\lib\server\dispatchers\dispatcher.js:94:40)
    at DispatcherConnection.dispatch (C:\Users\RAJEND~1.MAN\AppData\Local\Temp\playwright-java-2930179382340556754\package\lib\server\dispatchers\dispatcher.js:361:39)
}
Call log:
- waiting for locator("//div[@id='selectedSecondItems']")
-   locator resolved to <div class="selected-items" id="selectedSecondItems" onclick="toggleDropdown('secondDropdownContent', 'secondSearchBox')">…</div>
- attempting click action
-   waiting for element to be visible, enabled and stable
-   element is visible, enabled and stable
-   scrolling into view if needed
-   done scrolling
-   <input type="text" id="searchBox" class="search-box" placeholder="Search..." onkeyup="filterDropdown('dropdownContent', 'searchBox')"/> from <div class="row mb-3">…</div> subtree intercepts pointer events
- retrying click action, attempt #1
-   waiting for element to be visible, enabled and stable
-   element is visible, enabled and stable
-   scrolling into view if needed
-   done scrolling
-   <input type="text" id="searchBox" class="search-box" placeholder="Search..." onkeyup="filterDropdown('dropdownContent', 'searchBox')"/> from <div class="row mb-3">…</div> subtree intercepts pointer events
- retrying click action, attempt #2
-   waiting 20ms
-   waiting for element to be visible, enabled and stable
-   element is visible, enabled and stable
-   scrolling into view if needed
-   done scrolling
-   <input type="text" id="searchBox" class="search-box" placeholder="Search..." onkeyup="filterDropdown('dropdownContent', 'searchBox')"/> from <div class="row mb-3">…</div> subtree intercepts pointer events
- retrying click action, attempt #3
-   waiting 100ms
-   waiting for element to be visible, enabled and stable
-   element is visible, enabled and stable
-   scrolling into view if needed
-   done scrolling
-   <input type="text" id="searchBox" class="search-box" placeholder="Search..." onkeyup="filterDropdown('dropdownContent', 'searchBox')"/> from <div class="row mb-3">…</div> subtree intercepts pointer events
- retrying click action, attempt #4
-   waiting 100ms
-   waiting for element to be visible, enabled and stable
-   element is visible, enabled and stable
-   scrolling into view if needed
-   done scrolling
-   <input type="text" id="searchBox" class="search-box" placeholder="Search..." onkeyup="filterDropdown('dropdownContent', 'searchBox')"/> from <div class="row mb-3">…</div> subtree intercepts pointer events
- retrying click action, attempt #5
-   waiting 500ms
-   waiting for element to be visible, enabled and stable
-   element is visible, enabled and stable
-   scrolling into view if needed
-   done scrolling
-   <input type="text" id="searchBox" class="search-box" placeholder="Search..." onkeyup="filterDropdown('dropdownContent', 'searchBox')"/> from <div class="row mb-3">…</div> subtree intercepts pointer events
- retrying click action, attempt #6
-   waiting 500ms
-   waiting for element to be visible, enabled and stable
-   element is visible, enabled and stable
-   scrolling into view if needed
-   done scrolling
-   <input type="text" id="searchBox" class="search-box" placeholder="Search..." onkeyup="filterDropdown('dropdownContent', 'searchBox')"/> from <div class="row mb-3">…</div> subtree intercepts pointer events
- retrying click action, attempt #7
-   waiting 500ms
-   waiting for element to be visible, enabled and stable
-   element is visible, enabled and stable
-   scrolling into view if needed
-   done scrolling
-   <input type="text" id="searchBox" class="search-box" placeholder="Search..." onkeyup="filterDropdown('dropdownContent', 'searchBox')"/> from <div class="row mb-3">…</div> subtree intercepts pointer events
- retrying click action, attempt #8
-   waiting 500ms
-   waiting for element to be visible, enabled and stable
-   element is visible, enabled and stable
-   scrolling into view if needed
-   done scrolling
-   <input type="text" id="searchBox" class="search-box" placeholder="Search..." onkeyup="filterDropdown('dropdownContent', 'searchBox')"/> from <div class="row mb-3">…</div> subtree intercepts pointer events
- retrying click action, attempt #9
-   waiting 500ms
-   waiting for element to be visible, enabled and stable
-   element is visible, enabled and stable
-   scrolling into view if needed
-   done scrolling
-   <input type="text" id="searchBox" class="search-box" placeholder="Search..." onkeyup="filterDropdown('dropdownContent', 'searchBox')"/> from <div class="row mb-3">…</div> subtree intercepts pointer events
- retrying click action, attempt #10
-   waiting 500ms
-   waiting for element to be visible, enabled and stable
-   element is visible, enabled and stable
-   scrolling into view if needed
-   done scrolling
-   <input type="text" id="searchBox" class="search-box" placeholder="Search..." onkeyup="filterDropdown('dropdownContent', 'searchBox')"/> from <div class="row mb-3">…</div> subtree intercepts pointer events
- retrying click action, attempt #11
-   waiting 500ms
-   waiting for element to be visible, enabled and stable
-   element is visible, enabled and stable
-   scrolling into view if needed
-   done scrolling
-   <input type="text" id="searchBox" class="search-box" placeholder="Search..." onkeyup="filterDropdown('dropdownContent', 'searchBox')"/> from <div class="row mb-3">…</div> subtree intercepts pointer events
- retrying click action, attempt #12
-   waiting 500ms
-   waiting for element to be visible, enabled and stable
-   element is visible, enabled and stable
-   scrolling into view if needed
-   done scrolling
-   <input type="text" id="searchBox" class="search-box" placeholder="Search..." onkeyup="filterDropdown('dropdownContent', 'searchBox')"/> from <div class="row mb-3">…</div> subtree intercepts pointer events
- retrying click action, attempt #13
-   waiting 500ms
-   waiting for element to be visible, enabled and stable
-   element is visible, enabled and stable
-   scrolling into view if needed
-   done scrolling
-   <input type="text" id="searchBox" class="search-box" placeholder="Search..." onkeyup="filterDropdown('dropdownContent', 'searchBox')"/> from <div class="row mb-3">…</div> subtree intercepts pointer events
- retrying click action, attempt #14
-   waiting 500ms
-   waiting for element to be visible, enabled and stable
-   element is visible, enabled and stable
-   scrolling into view if needed
-   done scrolling
-   <input type="text" id="searchBox" class="search-box" placeholder="Search..." onkeyup="filterDropdown('dropdownContent', 'searchBox')"/> from <div class="row mb-3">…</div> subtree intercepts pointer events
- retrying click action, attempt #15
-   waiting 500ms
-   waiting for element to be visible, enabled and stable
-   element is visible, enabled and stable
-   scrolling into view if needed
-   done scrolling
-   <input type="text" id="searchBox" class="search-box" placeholder="Search..." onkeyup="filterDropdown('dropdownContent', 'searchBox')"/> from <div class="row mb-3">…</div> subtree intercepts pointer events
- retrying click action, attempt #16
-   waiting 500ms
-   waiting for element to be visible, enabled and stable
-   element is visible, enabled and stable
-   scrolling into view if needed
-   done scrolling
-   <input type="text" id="searchBox" class="search-box" placeholder="Search..." onkeyup="filterDropdown('dropdownContent', 'searchBox')"/> from <div class="row mb-3">…</div> subtree intercepts pointer events
- retrying click action, attempt #17
-   waiting 500ms
-   waiting for element to be visible, enabled and stable
-   element is visible, enabled and stable
-   scrolling into view if needed
-   done scrolling
-   <input type="text" id="searchBox" class="search-box" placeholder="Search..." onkeyup="filterDropdown('dropdownContent', 'searchBox')"/> from <div class="row mb-3">…</div> subtree intercepts pointer events
- retrying click action, attempt #18
-   waiting 500ms
-   waiting for element to be visible, enabled and stable
-   element is visible, enabled and stable
-   scrolling into view if needed
-   done scrolling
-   <input type="text" id="searchBox" class="search-box" placeholder="Search..." onkeyup="filterDropdown('dropdownContent', 'searchBox')"/> from <div class="row mb-3">…</div> subtree intercepts pointer events
- retrying click action, attempt #19
-   waiting 500ms
-   waiting for element to be visible, enabled and stable
-   element is visible, enabled and stable
-   scrolling into view if needed
-   done scrolling
-   <input type="text" id="searchBox" class="search-box" placeholder="Search..." onkeyup="filterDropdown('dropdownContent', 'searchBox')"/> from <div class="row mb-3">…</div> subtree intercepts pointer events
- retrying click action, attempt #20
-   waiting 500ms
-   waiting for element to be visible, enabled and stable
-   element is visible, enabled and stable
-   scrolling into view if needed
-   done scrolling
-   <input type="text" id="searchBox" class="search-box" placeholder="Search..." onkeyup="filterDropdown('dropdownContent', 'searchBox')"/> from <div class="row mb-3">…</div> subtree intercepts pointer events
- retrying click action, attempt #21
-   waiting 500ms
-   waiting for element to be visible, enabled and stable
-   element is visible, enabled and stable
-   scrolling into view if needed
-   done scrolling
-   <input type="text" id="searchBox" class="search-box" placeholder="Search..." onkeyup="filterDropdown('dropdownContent', 'searchBox')"/> from <div class="row mb-3">…</div> subtree intercepts pointer events
- retrying click action, attempt #22
-   waiting 500ms
-   waiting for element to be visible, enabled and stable
-   element is visible, enabled and stable
-   scrolling into view if needed
-   done scrolling
-   <input type="text" id="searchBox" class="search-box" placeholder="Search..." onkeyup="filterDropdown('dropdownContent', 'searchBox')"/> from <div class="row mb-3">…</div> subtree intercepts pointer events
- retrying click action, attempt #23
-   waiting 500ms

at com.microsoft.playwright.impl.Connection.dispatch(Connection.java:254)
at com.microsoft.playwright.impl.Connection.processOneMessage(Connection.java:211)
at com.microsoft.playwright.impl.ChannelOwner.runUntil(ChannelOwner.java:118)
... 39 more
]]>
    </error>
  </testcase> <!-- AddRule -->
  <system-out/>
</testsuite> <!-- SOR_testcases_Playwright.SOR_Rule_Configuration_TestCase_PR -->
