<?xml version="1.0" encoding="UTF-8"?>
<!-- Generated by org.testng.reporters.JUnitReportReporter -->
<testsuite hostname="MIIPL_ON_Rajendra_Mane" failures="0" tests="4" name="SOR_testcases.SOR_Admin_Management_Testcase" time="136.242" errors="0" timestamp="2025-01-28T11:25:01 IST" skipped="0">
  <testcase classname="SOR_testcases.SOR_Admin_Management_Testcase" name="Create_Role" time="34.923"/>
  <system-out/>
  <testcase classname="SOR_testcases.SOR_Admin_Management_Testcase" name="Assign_Permission" time="47.740"/>
  <system-out/>
  <testcase classname="SOR_testcases.SOR_Admin_Management_Testcase" name="Add_User" time="24.363"/>
  <system-out/>
  <testcase classname="SOR_testcases.SOR_Admin_Management_Testcase" name="Verify_Permission" time="29.216"/>
  <system-out/>
</testsuite> <!-- SOR_testcases.SOR_Admin_Management_Testcase -->
