<?xml version="1.0" encoding="UTF-8"?>
<!-- Generated by org.testng.reporters.JUnitReportReporter -->
<testsuite hostname="MIIPL_ON_Rajendra_Mane" failures="0" tests="2" name="SOR_testcases.SOR_Rule_ConfigurationTestCase" time="26.880" errors="0" timestamp="2024-11-07T12:18:05 IST" skipped="0">
  <testcase classname="SOR_testcases.SOR_Rule_ConfigurationTestCase" name="AddGroup" time="8.650"/>
  <system-out/>
  <testcase classname="SOR_testcases.SOR_Rule_ConfigurationTestCase" name="AddRule" time="18.230"/>
  <system-out/>
</testsuite> <!-- SOR_testcases.SOR_Rule_ConfigurationTestCase -->
