<?xml version="1.0" encoding="UTF-8"?>
<!-- Generated by org.testng.reporters.JUnitReportReporter -->
<testsuite hostname="MIIPL_ON_Rajendra_Mane" failures="0" tests="9" name="SOR_testcases_Playwright.SOR_LoginTestCase_PR" time="62.984" errors="0" timestamp="2024-10-03T16:18:17 IST" skipped="0">
  <testcase classname="SOR_testcases_Playwright.SOR_LoginTestCase_PR" name="Check_Valid_Credentials" time="19.946"/>
  <system-out/>
  <testcase classname="SOR_testcases_Playwright.SOR_LoginTestCase_PR" name="Check_Valid_Credentials" time="8.373"/>
  <system-out/>
  <testcase classname="SOR_testcases_Playwright.SOR_LoginTestCase_PR" name="Check_Valid_Credentials" time="9.407"/>
  <system-out/>
  <testcase classname="SOR_testcases_Playwright.SOR_LoginTestCase_PR" name="check_Blank_Username" time="5.169"/>
  <system-out/>
  <testcase classname="SOR_testcases_Playwright.SOR_LoginTestCase_PR" name="check_Blank_Username" time="3.105"/>
  <system-out/>
  <testcase classname="SOR_testcases_Playwright.SOR_LoginTestCase_PR" name="check_Blank_Username" time="3.977"/>
  <system-out/>
  <testcase classname="SOR_testcases_Playwright.SOR_LoginTestCase_PR" name="check_Blank_Password" time="5.521"/>
  <system-out/>
  <testcase classname="SOR_testcases_Playwright.SOR_LoginTestCase_PR" name="check_Blank_Password" time="4.339"/>
  <system-out/>
  <testcase classname="SOR_testcases_Playwright.SOR_LoginTestCase_PR" name="check_Blank_Password" time="3.147"/>
  <system-out/>
</testsuite> <!-- SOR_testcases_Playwright.SOR_LoginTestCase_PR -->
