<?xml version="1.0" encoding="UTF-8"?>
<!-- Generated by org.testng.reporters.JUnitReportReporter -->
<testsuite hostname="MIIPL_ON_Rajendra_Mane" failures="0" tests="1" name="SOR_resources.FDCalculator_New" time="0.067" errors="0" timestamp="2025-02-06T16:36:30 IST" skipped="0">
  <testcase classname="SOR_resources.FDCalculator_New" name="calculator" time="0.067"/>
  <system-out/>
</testsuite> <!-- SOR_resources.FDCalculator_New -->
