<?xml version="1.0" encoding="UTF-8"?>
<!-- Generated by org.testng.reporters.JUnitReportReporter -->
<testsuite hostname="MIIPL_ON_Rajendra_Mane" failures="3" tests="9" name="SOR_testcases_Playwright.SOR_LoginTestCase_PR" time="120.813" errors="3" timestamp="2024-11-19T18:57:59 IST" skipped="0">
  <testcase classname="SOR_testcases_Playwright.SOR_LoginTestCase_PR" name="Check_Valid_Credentials" time="36.649"/>
  <system-out/>
  <testcase classname="SOR_testcases_Playwright.SOR_LoginTestCase_PR" name="Check_Valid_Credentials" time="9.911"/>
  <system-out/>
  <testcase classname="SOR_testcases_Playwright.SOR_LoginTestCase_PR" name="Check_Valid_Credentials" time="18.041"/>
  <system-out/>
  <testcase classname="SOR_testcases_Playwright.SOR_LoginTestCase_PR" name="check_Blank_Username" time="13.444">
    <error message="Error {
  message=&#039;Timeout 10000ms exceeded.
  name=&#039;TimeoutError
  stack=&#039;TimeoutError: Timeout 10000ms exceeded.
    at ProgressController.run (C:\Users\RAJEND~1.MAN\AppData\Local\Temp\playwright-java-10321427250354853837\package\lib\server\progress.js:78:26)
    at Frame._callOnElementOnceMatches (C:\Users\RAJEND~1.MAN\AppData\Local\Temp\playwright-java-10321427250354853837\package\lib\server\frames.js:1464:23)
    at Frame.textContent (C:\Users\RAJEND~1.MAN\AppData\Local\Temp\playwright-java-10321427250354853837\package\lib\server\frames.js:1080:17)
    at FrameDispatcher.textContent (C:\Users\RAJEND~1.MAN\AppData\Local\Temp\playwright-java-10321427250354853837\package\lib\server\dispatchers\frameDispatcher.js:178:37)
    at FrameDispatcher._handleCommand (C:\Users\RAJEND~1.MAN\AppData\Local\Temp\playwright-java-10321427250354853837\package\lib\server\dispatchers\dispatcher.js:94:40)
    at DispatcherConnection.dispatch (C:\Users\RAJEND~1.MAN\AppData\Local\Temp\playwright-java-10321427250354853837\package\lib\server\dispatchers\dispatcher.js:361:39)
}
Call log:
- waiting for locator(&quot;//span[@id=&#039;RequiredFieldValidator5&#039;]&quot;)
" type="com.microsoft.playwright.TimeoutError">
      <![CDATA[com.microsoft.playwright.TimeoutError: Error {
  message='Timeout 10000ms exceeded.
  name='TimeoutError
  stack='TimeoutError: Timeout 10000ms exceeded.
    at ProgressController.run (C:\Users\RAJEND~1.MAN\AppData\Local\Temp\playwright-java-10321427250354853837\package\lib\server\progress.js:78:26)
    at Frame._callOnElementOnceMatches (C:\Users\RAJEND~1.MAN\AppData\Local\Temp\playwright-java-10321427250354853837\package\lib\server\frames.js:1464:23)
    at Frame.textContent (C:\Users\RAJEND~1.MAN\AppData\Local\Temp\playwright-java-10321427250354853837\package\lib\server\frames.js:1080:17)
    at FrameDispatcher.textContent (C:\Users\RAJEND~1.MAN\AppData\Local\Temp\playwright-java-10321427250354853837\package\lib\server\dispatchers\frameDispatcher.js:178:37)
    at FrameDispatcher._handleCommand (C:\Users\RAJEND~1.MAN\AppData\Local\Temp\playwright-java-10321427250354853837\package\lib\server\dispatchers\dispatcher.js:94:40)
    at DispatcherConnection.dispatch (C:\Users\RAJEND~1.MAN\AppData\Local\Temp\playwright-java-10321427250354853837\package\lib\server\dispatchers\dispatcher.js:361:39)
}
Call log:
- waiting for locator("//span[@id='RequiredFieldValidator5']")

at com.microsoft.playwright.impl.WaitableResult.get(WaitableResult.java:52)
at com.microsoft.playwright.impl.ChannelOwner.runUntil(ChannelOwner.java:120)
at com.microsoft.playwright.impl.Connection.sendMessage(Connection.java:130)
at com.microsoft.playwright.impl.ChannelOwner.sendMessage(ChannelOwner.java:106)
at com.microsoft.playwright.impl.FrameImpl.textContentImpl(FrameImpl.java:818)
at com.microsoft.playwright.impl.FrameImpl.lambda$textContent$38(FrameImpl.java:809)
at com.microsoft.playwright.impl.LoggingSupport.withLogging(LoggingSupport.java:47)
at com.microsoft.playwright.impl.ChannelOwner.withLogging(ChannelOwner.java:89)
at com.microsoft.playwright.impl.FrameImpl.textContent(FrameImpl.java:809)
at com.microsoft.playwright.impl.LocatorImpl.textContent(LocatorImpl.java:591)
at com.microsoft.playwright.Locator.textContent(Locator.java:5179)
at SOR_Pages_Playwright.SOR_Login_Page_PR.Blank_UserName(SOR_Login_Page_PR.java:57)
at SOR_testcases_Playwright.SOR_LoginTestCase_PR.check_Blank_Username(SOR_LoginTestCase_PR.java:39)
at java.base/jdk.internal.reflect.DirectMethodHandleAccessor.invoke(DirectMethodHandleAccessor.java:103)
at java.base/java.lang.reflect.Method.invoke(Method.java:580)
at org.testng.internal.MethodInvocationHelper.invokeMethod(MethodInvocationHelper.java:133)
at org.testng.internal.TestInvoker.invokeMethod(TestInvoker.java:598)
at org.testng.internal.TestInvoker.invokeTestMethod(TestInvoker.java:173)
at org.testng.internal.MethodRunner.runInSequence(MethodRunner.java:46)
at org.testng.internal.TestInvoker$MethodInvocationAgent.invoke(TestInvoker.java:824)
at org.testng.internal.TestInvoker.invokeTestMethods(TestInvoker.java:146)
at org.testng.internal.TestMethodWorker.invokeTestMethods(TestMethodWorker.java:146)
at org.testng.internal.TestMethodWorker.run(TestMethodWorker.java:128)
at java.base/java.util.ArrayList.forEach(ArrayList.java:1596)
at org.testng.TestRunner.privateRun(TestRunner.java:794)
at org.testng.TestRunner.run(TestRunner.java:596)
at org.testng.SuiteRunner.runTest(SuiteRunner.java:377)
at org.testng.SuiteRunner.runSequentially(SuiteRunner.java:371)
at org.testng.SuiteRunner.privateRun(SuiteRunner.java:332)
at org.testng.SuiteRunner.run(SuiteRunner.java:276)
at org.testng.SuiteRunnerWorker.runSuite(SuiteRunnerWorker.java:53)
at org.testng.SuiteRunnerWorker.run(SuiteRunnerWorker.java:96)
at org.testng.TestNG.runSuitesSequentially(TestNG.java:1212)
at org.testng.TestNG.runSuitesLocally(TestNG.java:1134)
at org.testng.TestNG.runSuites(TestNG.java:1063)
at org.testng.TestNG.run(TestNG.java:1031)
at org.testng.remote.AbstractRemoteTestNG.run(AbstractRemoteTestNG.java:115)
at org.testng.remote.RemoteTestNG.initAndRun(RemoteTestNG.java:293)
at org.testng.remote.RemoteTestNG.main(RemoteTestNG.java:91)
Caused by: com.microsoft.playwright.TimeoutError: Error {
  message='Timeout 10000ms exceeded.
  name='TimeoutError
  stack='TimeoutError: Timeout 10000ms exceeded.
    at ProgressController.run (C:\Users\RAJEND~1.MAN\AppData\Local\Temp\playwright-java-10321427250354853837\package\lib\server\progress.js:78:26)
    at Frame._callOnElementOnceMatches (C:\Users\RAJEND~1.MAN\AppData\Local\Temp\playwright-java-10321427250354853837\package\lib\server\frames.js:1464:23)
    at Frame.textContent (C:\Users\RAJEND~1.MAN\AppData\Local\Temp\playwright-java-10321427250354853837\package\lib\server\frames.js:1080:17)
    at FrameDispatcher.textContent (C:\Users\RAJEND~1.MAN\AppData\Local\Temp\playwright-java-10321427250354853837\package\lib\server\dispatchers\frameDispatcher.js:178:37)
    at FrameDispatcher._handleCommand (C:\Users\RAJEND~1.MAN\AppData\Local\Temp\playwright-java-10321427250354853837\package\lib\server\dispatchers\dispatcher.js:94:40)
    at DispatcherConnection.dispatch (C:\Users\RAJEND~1.MAN\AppData\Local\Temp\playwright-java-10321427250354853837\package\lib\server\dispatchers\dispatcher.js:361:39)
}
Call log:
- waiting for locator("//span[@id='RequiredFieldValidator5']")

at com.microsoft.playwright.impl.Connection.dispatch(Connection.java:254)
at com.microsoft.playwright.impl.Connection.processOneMessage(Connection.java:211)
at com.microsoft.playwright.impl.ChannelOwner.runUntil(ChannelOwner.java:118)
... 37 more
]]>
    </error>
  </testcase> <!-- check_Blank_Username -->
  <system-out/>
  <testcase classname="SOR_testcases_Playwright.SOR_LoginTestCase_PR" name="check_Blank_Username" time="13.496">
    <error message="Error {
  message=&#039;Timeout 10000ms exceeded.
  name=&#039;TimeoutError
  stack=&#039;TimeoutError: Timeout 10000ms exceeded.
    at ProgressController.run (C:\Users\RAJEND~1.MAN\AppData\Local\Temp\playwright-java-10321427250354853837\package\lib\server\progress.js:78:26)
    at Frame._callOnElementOnceMatches (C:\Users\RAJEND~1.MAN\AppData\Local\Temp\playwright-java-10321427250354853837\package\lib\server\frames.js:1464:23)
    at Frame.textContent (C:\Users\RAJEND~1.MAN\AppData\Local\Temp\playwright-java-10321427250354853837\package\lib\server\frames.js:1080:17)
    at FrameDispatcher.textContent (C:\Users\RAJEND~1.MAN\AppData\Local\Temp\playwright-java-10321427250354853837\package\lib\server\dispatchers\frameDispatcher.js:178:37)
    at FrameDispatcher._handleCommand (C:\Users\RAJEND~1.MAN\AppData\Local\Temp\playwright-java-10321427250354853837\package\lib\server\dispatchers\dispatcher.js:94:40)
    at DispatcherConnection.dispatch (C:\Users\RAJEND~1.MAN\AppData\Local\Temp\playwright-java-10321427250354853837\package\lib\server\dispatchers\dispatcher.js:361:39)
}
Call log:
- waiting for locator(&quot;//span[@id=&#039;RequiredFieldValidator5&#039;]&quot;)
" type="com.microsoft.playwright.TimeoutError">
      <![CDATA[com.microsoft.playwright.TimeoutError: Error {
  message='Timeout 10000ms exceeded.
  name='TimeoutError
  stack='TimeoutError: Timeout 10000ms exceeded.
    at ProgressController.run (C:\Users\RAJEND~1.MAN\AppData\Local\Temp\playwright-java-10321427250354853837\package\lib\server\progress.js:78:26)
    at Frame._callOnElementOnceMatches (C:\Users\RAJEND~1.MAN\AppData\Local\Temp\playwright-java-10321427250354853837\package\lib\server\frames.js:1464:23)
    at Frame.textContent (C:\Users\RAJEND~1.MAN\AppData\Local\Temp\playwright-java-10321427250354853837\package\lib\server\frames.js:1080:17)
    at FrameDispatcher.textContent (C:\Users\RAJEND~1.MAN\AppData\Local\Temp\playwright-java-10321427250354853837\package\lib\server\dispatchers\frameDispatcher.js:178:37)
    at FrameDispatcher._handleCommand (C:\Users\RAJEND~1.MAN\AppData\Local\Temp\playwright-java-10321427250354853837\package\lib\server\dispatchers\dispatcher.js:94:40)
    at DispatcherConnection.dispatch (C:\Users\RAJEND~1.MAN\AppData\Local\Temp\playwright-java-10321427250354853837\package\lib\server\dispatchers\dispatcher.js:361:39)
}
Call log:
- waiting for locator("//span[@id='RequiredFieldValidator5']")

at com.microsoft.playwright.impl.WaitableResult.get(WaitableResult.java:52)
at com.microsoft.playwright.impl.ChannelOwner.runUntil(ChannelOwner.java:120)
at com.microsoft.playwright.impl.Connection.sendMessage(Connection.java:130)
at com.microsoft.playwright.impl.ChannelOwner.sendMessage(ChannelOwner.java:106)
at com.microsoft.playwright.impl.FrameImpl.textContentImpl(FrameImpl.java:818)
at com.microsoft.playwright.impl.FrameImpl.lambda$textContent$38(FrameImpl.java:809)
at com.microsoft.playwright.impl.LoggingSupport.withLogging(LoggingSupport.java:47)
at com.microsoft.playwright.impl.ChannelOwner.withLogging(ChannelOwner.java:89)
at com.microsoft.playwright.impl.FrameImpl.textContent(FrameImpl.java:809)
at com.microsoft.playwright.impl.LocatorImpl.textContent(LocatorImpl.java:591)
at com.microsoft.playwright.Locator.textContent(Locator.java:5179)
at SOR_Pages_Playwright.SOR_Login_Page_PR.Blank_UserName(SOR_Login_Page_PR.java:57)
at SOR_testcases_Playwright.SOR_LoginTestCase_PR.check_Blank_Username(SOR_LoginTestCase_PR.java:39)
at java.base/jdk.internal.reflect.DirectMethodHandleAccessor.invoke(DirectMethodHandleAccessor.java:103)
at java.base/java.lang.reflect.Method.invoke(Method.java:580)
at org.testng.internal.MethodInvocationHelper.invokeMethod(MethodInvocationHelper.java:133)
at org.testng.internal.TestInvoker.invokeMethod(TestInvoker.java:598)
at org.testng.internal.TestInvoker.invokeTestMethod(TestInvoker.java:173)
at org.testng.internal.MethodRunner.runInSequence(MethodRunner.java:46)
at org.testng.internal.TestInvoker$MethodInvocationAgent.invoke(TestInvoker.java:824)
at org.testng.internal.TestInvoker.invokeTestMethods(TestInvoker.java:146)
at org.testng.internal.TestMethodWorker.invokeTestMethods(TestMethodWorker.java:146)
at org.testng.internal.TestMethodWorker.run(TestMethodWorker.java:128)
at java.base/java.util.ArrayList.forEach(ArrayList.java:1596)
at org.testng.TestRunner.privateRun(TestRunner.java:794)
at org.testng.TestRunner.run(TestRunner.java:596)
at org.testng.SuiteRunner.runTest(SuiteRunner.java:377)
at org.testng.SuiteRunner.runSequentially(SuiteRunner.java:371)
at org.testng.SuiteRunner.privateRun(SuiteRunner.java:332)
at org.testng.SuiteRunner.run(SuiteRunner.java:276)
at org.testng.SuiteRunnerWorker.runSuite(SuiteRunnerWorker.java:53)
at org.testng.SuiteRunnerWorker.run(SuiteRunnerWorker.java:96)
at org.testng.TestNG.runSuitesSequentially(TestNG.java:1212)
at org.testng.TestNG.runSuitesLocally(TestNG.java:1134)
at org.testng.TestNG.runSuites(TestNG.java:1063)
at org.testng.TestNG.run(TestNG.java:1031)
at org.testng.remote.AbstractRemoteTestNG.run(AbstractRemoteTestNG.java:115)
at org.testng.remote.RemoteTestNG.initAndRun(RemoteTestNG.java:293)
at org.testng.remote.RemoteTestNG.main(RemoteTestNG.java:91)
Caused by: com.microsoft.playwright.TimeoutError: Error {
  message='Timeout 10000ms exceeded.
  name='TimeoutError
  stack='TimeoutError: Timeout 10000ms exceeded.
    at ProgressController.run (C:\Users\RAJEND~1.MAN\AppData\Local\Temp\playwright-java-10321427250354853837\package\lib\server\progress.js:78:26)
    at Frame._callOnElementOnceMatches (C:\Users\RAJEND~1.MAN\AppData\Local\Temp\playwright-java-10321427250354853837\package\lib\server\frames.js:1464:23)
    at Frame.textContent (C:\Users\RAJEND~1.MAN\AppData\Local\Temp\playwright-java-10321427250354853837\package\lib\server\frames.js:1080:17)
    at FrameDispatcher.textContent (C:\Users\RAJEND~1.MAN\AppData\Local\Temp\playwright-java-10321427250354853837\package\lib\server\dispatchers\frameDispatcher.js:178:37)
    at FrameDispatcher._handleCommand (C:\Users\RAJEND~1.MAN\AppData\Local\Temp\playwright-java-10321427250354853837\package\lib\server\dispatchers\dispatcher.js:94:40)
    at DispatcherConnection.dispatch (C:\Users\RAJEND~1.MAN\AppData\Local\Temp\playwright-java-10321427250354853837\package\lib\server\dispatchers\dispatcher.js:361:39)
}
Call log:
- waiting for locator("//span[@id='RequiredFieldValidator5']")

at com.microsoft.playwright.impl.Connection.dispatch(Connection.java:254)
at com.microsoft.playwright.impl.Connection.processOneMessage(Connection.java:211)
at com.microsoft.playwright.impl.ChannelOwner.runUntil(ChannelOwner.java:118)
... 37 more
]]>
    </error>
  </testcase> <!-- check_Blank_Username -->
  <system-out/>
  <testcase classname="SOR_testcases_Playwright.SOR_LoginTestCase_PR" name="check_Blank_Username" time="15.387">
    <error message="Error {
  message=&#039;Timeout 10000ms exceeded.
  name=&#039;TimeoutError
  stack=&#039;TimeoutError: Timeout 10000ms exceeded.
    at ProgressController.run (C:\Users\RAJEND~1.MAN\AppData\Local\Temp\playwright-java-10321427250354853837\package\lib\server\progress.js:78:26)
    at Frame._callOnElementOnceMatches (C:\Users\RAJEND~1.MAN\AppData\Local\Temp\playwright-java-10321427250354853837\package\lib\server\frames.js:1464:23)
    at Frame.textContent (C:\Users\RAJEND~1.MAN\AppData\Local\Temp\playwright-java-10321427250354853837\package\lib\server\frames.js:1080:17)
    at FrameDispatcher.textContent (C:\Users\RAJEND~1.MAN\AppData\Local\Temp\playwright-java-10321427250354853837\package\lib\server\dispatchers\frameDispatcher.js:178:37)
    at FrameDispatcher._handleCommand (C:\Users\RAJEND~1.MAN\AppData\Local\Temp\playwright-java-10321427250354853837\package\lib\server\dispatchers\dispatcher.js:94:40)
    at DispatcherConnection.dispatch (C:\Users\RAJEND~1.MAN\AppData\Local\Temp\playwright-java-10321427250354853837\package\lib\server\dispatchers\dispatcher.js:361:39)
}
Call log:
- waiting for locator(&quot;//span[@id=&#039;RequiredFieldValidator5&#039;]&quot;)
" type="com.microsoft.playwright.TimeoutError">
      <![CDATA[com.microsoft.playwright.TimeoutError: Error {
  message='Timeout 10000ms exceeded.
  name='TimeoutError
  stack='TimeoutError: Timeout 10000ms exceeded.
    at ProgressController.run (C:\Users\RAJEND~1.MAN\AppData\Local\Temp\playwright-java-10321427250354853837\package\lib\server\progress.js:78:26)
    at Frame._callOnElementOnceMatches (C:\Users\RAJEND~1.MAN\AppData\Local\Temp\playwright-java-10321427250354853837\package\lib\server\frames.js:1464:23)
    at Frame.textContent (C:\Users\RAJEND~1.MAN\AppData\Local\Temp\playwright-java-10321427250354853837\package\lib\server\frames.js:1080:17)
    at FrameDispatcher.textContent (C:\Users\RAJEND~1.MAN\AppData\Local\Temp\playwright-java-10321427250354853837\package\lib\server\dispatchers\frameDispatcher.js:178:37)
    at FrameDispatcher._handleCommand (C:\Users\RAJEND~1.MAN\AppData\Local\Temp\playwright-java-10321427250354853837\package\lib\server\dispatchers\dispatcher.js:94:40)
    at DispatcherConnection.dispatch (C:\Users\RAJEND~1.MAN\AppData\Local\Temp\playwright-java-10321427250354853837\package\lib\server\dispatchers\dispatcher.js:361:39)
}
Call log:
- waiting for locator("//span[@id='RequiredFieldValidator5']")

at com.microsoft.playwright.impl.WaitableResult.get(WaitableResult.java:52)
at com.microsoft.playwright.impl.ChannelOwner.runUntil(ChannelOwner.java:120)
at com.microsoft.playwright.impl.Connection.sendMessage(Connection.java:130)
at com.microsoft.playwright.impl.ChannelOwner.sendMessage(ChannelOwner.java:106)
at com.microsoft.playwright.impl.FrameImpl.textContentImpl(FrameImpl.java:818)
at com.microsoft.playwright.impl.FrameImpl.lambda$textContent$38(FrameImpl.java:809)
at com.microsoft.playwright.impl.LoggingSupport.withLogging(LoggingSupport.java:47)
at com.microsoft.playwright.impl.ChannelOwner.withLogging(ChannelOwner.java:89)
at com.microsoft.playwright.impl.FrameImpl.textContent(FrameImpl.java:809)
at com.microsoft.playwright.impl.LocatorImpl.textContent(LocatorImpl.java:591)
at com.microsoft.playwright.Locator.textContent(Locator.java:5179)
at SOR_Pages_Playwright.SOR_Login_Page_PR.Blank_UserName(SOR_Login_Page_PR.java:57)
at SOR_testcases_Playwright.SOR_LoginTestCase_PR.check_Blank_Username(SOR_LoginTestCase_PR.java:39)
at java.base/jdk.internal.reflect.DirectMethodHandleAccessor.invoke(DirectMethodHandleAccessor.java:103)
at java.base/java.lang.reflect.Method.invoke(Method.java:580)
at org.testng.internal.MethodInvocationHelper.invokeMethod(MethodInvocationHelper.java:133)
at org.testng.internal.TestInvoker.invokeMethod(TestInvoker.java:598)
at org.testng.internal.TestInvoker.invokeTestMethod(TestInvoker.java:173)
at org.testng.internal.MethodRunner.runInSequence(MethodRunner.java:46)
at org.testng.internal.TestInvoker$MethodInvocationAgent.invoke(TestInvoker.java:824)
at org.testng.internal.TestInvoker.invokeTestMethods(TestInvoker.java:146)
at org.testng.internal.TestMethodWorker.invokeTestMethods(TestMethodWorker.java:146)
at org.testng.internal.TestMethodWorker.run(TestMethodWorker.java:128)
at java.base/java.util.ArrayList.forEach(ArrayList.java:1596)
at org.testng.TestRunner.privateRun(TestRunner.java:794)
at org.testng.TestRunner.run(TestRunner.java:596)
at org.testng.SuiteRunner.runTest(SuiteRunner.java:377)
at org.testng.SuiteRunner.runSequentially(SuiteRunner.java:371)
at org.testng.SuiteRunner.privateRun(SuiteRunner.java:332)
at org.testng.SuiteRunner.run(SuiteRunner.java:276)
at org.testng.SuiteRunnerWorker.runSuite(SuiteRunnerWorker.java:53)
at org.testng.SuiteRunnerWorker.run(SuiteRunnerWorker.java:96)
at org.testng.TestNG.runSuitesSequentially(TestNG.java:1212)
at org.testng.TestNG.runSuitesLocally(TestNG.java:1134)
at org.testng.TestNG.runSuites(TestNG.java:1063)
at org.testng.TestNG.run(TestNG.java:1031)
at org.testng.remote.AbstractRemoteTestNG.run(AbstractRemoteTestNG.java:115)
at org.testng.remote.RemoteTestNG.initAndRun(RemoteTestNG.java:293)
at org.testng.remote.RemoteTestNG.main(RemoteTestNG.java:91)
Caused by: com.microsoft.playwright.TimeoutError: Error {
  message='Timeout 10000ms exceeded.
  name='TimeoutError
  stack='TimeoutError: Timeout 10000ms exceeded.
    at ProgressController.run (C:\Users\RAJEND~1.MAN\AppData\Local\Temp\playwright-java-10321427250354853837\package\lib\server\progress.js:78:26)
    at Frame._callOnElementOnceMatches (C:\Users\RAJEND~1.MAN\AppData\Local\Temp\playwright-java-10321427250354853837\package\lib\server\frames.js:1464:23)
    at Frame.textContent (C:\Users\RAJEND~1.MAN\AppData\Local\Temp\playwright-java-10321427250354853837\package\lib\server\frames.js:1080:17)
    at FrameDispatcher.textContent (C:\Users\RAJEND~1.MAN\AppData\Local\Temp\playwright-java-10321427250354853837\package\lib\server\dispatchers\frameDispatcher.js:178:37)
    at FrameDispatcher._handleCommand (C:\Users\RAJEND~1.MAN\AppData\Local\Temp\playwright-java-10321427250354853837\package\lib\server\dispatchers\dispatcher.js:94:40)
    at DispatcherConnection.dispatch (C:\Users\RAJEND~1.MAN\AppData\Local\Temp\playwright-java-10321427250354853837\package\lib\server\dispatchers\dispatcher.js:361:39)
}
Call log:
- waiting for locator("//span[@id='RequiredFieldValidator5']")

at com.microsoft.playwright.impl.Connection.dispatch(Connection.java:254)
at com.microsoft.playwright.impl.Connection.processOneMessage(Connection.java:211)
at com.microsoft.playwright.impl.ChannelOwner.runUntil(ChannelOwner.java:118)
... 37 more
]]>
    </error>
  </testcase> <!-- check_Blank_Username -->
  <system-out/>
  <testcase classname="SOR_testcases_Playwright.SOR_LoginTestCase_PR" name="check_Blank_Password" time="3.814">
    <failure message="Password validation message not displayed" type="java.lang.AssertionError">
      <![CDATA[java.lang.AssertionError: Password validation message not displayed
at org.testng.Assert.fail(Assert.java:99)
at SOR_Pages_Playwright.SOR_Login_Page_PR.Blank_Password(SOR_Login_Page_PR.java:76)
at SOR_testcases_Playwright.SOR_LoginTestCase_PR.check_Blank_Password(SOR_LoginTestCase_PR.java:47)
at java.base/jdk.internal.reflect.DirectMethodHandleAccessor.invoke(DirectMethodHandleAccessor.java:103)
at java.base/java.lang.reflect.Method.invoke(Method.java:580)
at org.testng.internal.MethodInvocationHelper.invokeMethod(MethodInvocationHelper.java:133)
at org.testng.internal.TestInvoker.invokeMethod(TestInvoker.java:598)
at org.testng.internal.TestInvoker.invokeTestMethod(TestInvoker.java:173)
at org.testng.internal.MethodRunner.runInSequence(MethodRunner.java:46)
at org.testng.internal.TestInvoker$MethodInvocationAgent.invoke(TestInvoker.java:824)
at org.testng.internal.TestInvoker.invokeTestMethods(TestInvoker.java:146)
at org.testng.internal.TestMethodWorker.invokeTestMethods(TestMethodWorker.java:146)
at org.testng.internal.TestMethodWorker.run(TestMethodWorker.java:128)
at java.base/java.util.ArrayList.forEach(ArrayList.java:1596)
at org.testng.TestRunner.privateRun(TestRunner.java:794)
at org.testng.TestRunner.run(TestRunner.java:596)
at org.testng.SuiteRunner.runTest(SuiteRunner.java:377)
at org.testng.SuiteRunner.runSequentially(SuiteRunner.java:371)
at org.testng.SuiteRunner.privateRun(SuiteRunner.java:332)
at org.testng.SuiteRunner.run(SuiteRunner.java:276)
at org.testng.SuiteRunnerWorker.runSuite(SuiteRunnerWorker.java:53)
at org.testng.SuiteRunnerWorker.run(SuiteRunnerWorker.java:96)
at org.testng.TestNG.runSuitesSequentially(TestNG.java:1212)
at org.testng.TestNG.runSuitesLocally(TestNG.java:1134)
at org.testng.TestNG.runSuites(TestNG.java:1063)
at org.testng.TestNG.run(TestNG.java:1031)
at org.testng.remote.AbstractRemoteTestNG.run(AbstractRemoteTestNG.java:115)
at org.testng.remote.RemoteTestNG.initAndRun(RemoteTestNG.java:293)
at org.testng.remote.RemoteTestNG.main(RemoteTestNG.java:91)
]]>
    </failure>
  </testcase> <!-- check_Blank_Password -->
  <system-out/>
  <testcase classname="SOR_testcases_Playwright.SOR_LoginTestCase_PR" name="check_Blank_Password" time="4.385">
    <failure message="Password validation message not displayed" type="java.lang.AssertionError">
      <![CDATA[java.lang.AssertionError: Password validation message not displayed
at org.testng.Assert.fail(Assert.java:99)
at SOR_Pages_Playwright.SOR_Login_Page_PR.Blank_Password(SOR_Login_Page_PR.java:76)
at SOR_testcases_Playwright.SOR_LoginTestCase_PR.check_Blank_Password(SOR_LoginTestCase_PR.java:47)
at java.base/jdk.internal.reflect.DirectMethodHandleAccessor.invoke(DirectMethodHandleAccessor.java:103)
at java.base/java.lang.reflect.Method.invoke(Method.java:580)
at org.testng.internal.MethodInvocationHelper.invokeMethod(MethodInvocationHelper.java:133)
at org.testng.internal.TestInvoker.invokeMethod(TestInvoker.java:598)
at org.testng.internal.TestInvoker.invokeTestMethod(TestInvoker.java:173)
at org.testng.internal.MethodRunner.runInSequence(MethodRunner.java:46)
at org.testng.internal.TestInvoker$MethodInvocationAgent.invoke(TestInvoker.java:824)
at org.testng.internal.TestInvoker.invokeTestMethods(TestInvoker.java:146)
at org.testng.internal.TestMethodWorker.invokeTestMethods(TestMethodWorker.java:146)
at org.testng.internal.TestMethodWorker.run(TestMethodWorker.java:128)
at java.base/java.util.ArrayList.forEach(ArrayList.java:1596)
at org.testng.TestRunner.privateRun(TestRunner.java:794)
at org.testng.TestRunner.run(TestRunner.java:596)
at org.testng.SuiteRunner.runTest(SuiteRunner.java:377)
at org.testng.SuiteRunner.runSequentially(SuiteRunner.java:371)
at org.testng.SuiteRunner.privateRun(SuiteRunner.java:332)
at org.testng.SuiteRunner.run(SuiteRunner.java:276)
at org.testng.SuiteRunnerWorker.runSuite(SuiteRunnerWorker.java:53)
at org.testng.SuiteRunnerWorker.run(SuiteRunnerWorker.java:96)
at org.testng.TestNG.runSuitesSequentially(TestNG.java:1212)
at org.testng.TestNG.runSuitesLocally(TestNG.java:1134)
at org.testng.TestNG.runSuites(TestNG.java:1063)
at org.testng.TestNG.run(TestNG.java:1031)
at org.testng.remote.AbstractRemoteTestNG.run(AbstractRemoteTestNG.java:115)
at org.testng.remote.RemoteTestNG.initAndRun(RemoteTestNG.java:293)
at org.testng.remote.RemoteTestNG.main(RemoteTestNG.java:91)
]]>
    </failure>
  </testcase> <!-- check_Blank_Password -->
  <system-out/>
  <testcase classname="SOR_testcases_Playwright.SOR_LoginTestCase_PR" name="check_Blank_Password" time="5.686">
    <failure message="Password validation message not displayed" type="java.lang.AssertionError">
      <![CDATA[java.lang.AssertionError: Password validation message not displayed
at org.testng.Assert.fail(Assert.java:99)
at SOR_Pages_Playwright.SOR_Login_Page_PR.Blank_Password(SOR_Login_Page_PR.java:76)
at SOR_testcases_Playwright.SOR_LoginTestCase_PR.check_Blank_Password(SOR_LoginTestCase_PR.java:47)
at java.base/jdk.internal.reflect.DirectMethodHandleAccessor.invoke(DirectMethodHandleAccessor.java:103)
at java.base/java.lang.reflect.Method.invoke(Method.java:580)
at org.testng.internal.MethodInvocationHelper.invokeMethod(MethodInvocationHelper.java:133)
at org.testng.internal.TestInvoker.invokeMethod(TestInvoker.java:598)
at org.testng.internal.TestInvoker.invokeTestMethod(TestInvoker.java:173)
at org.testng.internal.MethodRunner.runInSequence(MethodRunner.java:46)
at org.testng.internal.TestInvoker$MethodInvocationAgent.invoke(TestInvoker.java:824)
at org.testng.internal.TestInvoker.invokeTestMethods(TestInvoker.java:146)
at org.testng.internal.TestMethodWorker.invokeTestMethods(TestMethodWorker.java:146)
at org.testng.internal.TestMethodWorker.run(TestMethodWorker.java:128)
at java.base/java.util.ArrayList.forEach(ArrayList.java:1596)
at org.testng.TestRunner.privateRun(TestRunner.java:794)
at org.testng.TestRunner.run(TestRunner.java:596)
at org.testng.SuiteRunner.runTest(SuiteRunner.java:377)
at org.testng.SuiteRunner.runSequentially(SuiteRunner.java:371)
at org.testng.SuiteRunner.privateRun(SuiteRunner.java:332)
at org.testng.SuiteRunner.run(SuiteRunner.java:276)
at org.testng.SuiteRunnerWorker.runSuite(SuiteRunnerWorker.java:53)
at org.testng.SuiteRunnerWorker.run(SuiteRunnerWorker.java:96)
at org.testng.TestNG.runSuitesSequentially(TestNG.java:1212)
at org.testng.TestNG.runSuitesLocally(TestNG.java:1134)
at org.testng.TestNG.runSuites(TestNG.java:1063)
at org.testng.TestNG.run(TestNG.java:1031)
at org.testng.remote.AbstractRemoteTestNG.run(AbstractRemoteTestNG.java:115)
at org.testng.remote.RemoteTestNG.initAndRun(RemoteTestNG.java:293)
at org.testng.remote.RemoteTestNG.main(RemoteTestNG.java:91)
]]>
    </failure>
  </testcase> <!-- check_Blank_Password -->
  <system-out/>
</testsuite> <!-- SOR_testcases_Playwright.SOR_LoginTestCase_PR -->
