<?xml version="1.0" encoding="UTF-8"?>
<!-- Generated by org.testng.reporters.JUnitReportReporter -->
<testsuite hostname="MIIPL_ON_Rajendra_Mane" failures="0" tests="2" name="SOR_testcases.SOR_Rule_ConfigurationTestCase" time="104.344" errors="0" timestamp="2025-01-28T11:28:15 IST" skipped="0">
  <testcase classname="SOR_testcases.SOR_Rule_ConfigurationTestCase" name="AddGroup" time="71.146"/>
  <system-out/>
  <testcase classname="SOR_testcases.SOR_Rule_ConfigurationTestCase" name="AddRule" time="33.198"/>
  <system-out/>
</testsuite> <!-- SOR_testcases.SOR_Rule_ConfigurationTestCase -->
