<?xml version="1.0" encoding="UTF-8"?>
<!-- Generated by org.testng.reporters.JUnitReportReporter -->
<testsuite hostname="MIIPL_ON_Rajendra_Mane" failures="0" tests="1" name="SOR_testcases.SOR_LoginTestCase" time="8.354" errors="0" timestamp="2024-10-07T10:38:16 IST" skipped="0">
  <testcase classname="SOR_testcases.SOR_LoginTestCase" name="Check_Valid_Credentials" time="8.354"/>
  <system-out/>
</testsuite> <!-- SOR_testcases.SOR_LoginTestCase -->
