<?xml version="1.0" encoding="UTF-8"?>
<!-- Generated by org.testng.reporters.JUnitReportReporter -->
<testsuite hostname="MIIPL_ON_Rajendra_Mane" failures="0" tests="5" name="SOR_testcases.SOR_Agent_Management_Testcase" time="64.335" errors="0" timestamp="2024-11-04T12:28:45 IST" skipped="0">
  <testcase classname="SOR_testcases.SOR_Agent_Management_Testcase" name="initalization" time="1.795"/>
  <system-out/>
  <testcase classname="SOR_testcases.SOR_Agent_Management_Testcase" name="Add_Agent" time="40.978"/>
  <system-out/>
  <testcase classname="SOR_testcases.SOR_Agent_Management_Testcase" name="Agent_Verification" time="12.120"/>
  <system-out/>
  <testcase classname="SOR_testcases.SOR_Agent_Management_Testcase" name="On_Board_Agent_Status" time="8.983"/>
  <system-out/>
  <testcase classname="SOR_testcases.SOR_Agent_Management_Testcase" name="tearDown" time="0.459"/>
  <system-out/>
</testsuite> <!-- SOR_testcases.SOR_Agent_Management_Testcase -->
