<?xml version="1.0" encoding="UTF-8"?>
<!-- Generated by org.testng.reporters.JUnitReportReporter -->
<testsuite hostname="MIIPL_ON_Rajendra_Mane" failures="0" tests="5" name="SOR_testcases.SOR_LoginTestCase" time="20.689" errors="0" timestamp="2024-11-07T12:18:05 IST" skipped="0">
  <testcase classname="SOR_testcases.SOR_LoginTestCase" name="Check_InValid_User_Name" time="4.895"/>
  <system-out/>
  <testcase classname="SOR_testcases.SOR_LoginTestCase" name="Check_Blank_Username" time="2.489"/>
  <system-out/>
  <testcase classname="SOR_testcases.SOR_LoginTestCase" name="Check_Blank_Password" time="2.448"/>
  <system-out/>
  <testcase classname="SOR_testcases.SOR_LoginTestCase" name="Check_InValid_Password" time="2.521"/>
  <system-out/>
  <testcase classname="SOR_testcases.SOR_LoginTestCase" name="Check_Valid_Credentials" time="8.336"/>
  <system-out/>
</testsuite> <!-- SOR_testcases.SOR_LoginTestCase -->
