<?xml version="1.0" encoding="UTF-8"?>
<!-- Generated by org.testng.reporters.JUnitReportReporter -->
<testsuite hostname="MIIPL_ON_Rajendra_Mane" failures="0" tests="1" name="SOR_testcases.SOR_Switch_ConfigurationTestCase" time="19.673" errors="0" timestamp="2024-10-18T13:14:14 IST" skipped="0">
  <testcase classname="SOR_testcases.SOR_Switch_ConfigurationTestCase" name="AddSwitch" time="19.673"/>
  <system-out/>
</testsuite> <!-- SOR_testcases.SOR_Switch_ConfigurationTestCase -->
